[debug] [2021-08-21T12:14:48.870Z] ----------------------------------------------------------------------
[debug] [2021-08-21T12:14:48.872Z] Command:       C:\Program Files\nodejs\node.exe C:\Users\XeuS\AppData\Roaming\npm\node_modules\firebase-tools\lib\bin\firebase.js deploy
[debug] [2021-08-21T12:14:48.872Z] CLI Version:   9.16.5
[debug] [2021-08-21T12:14:48.873Z] Platform:      win32
[debug] [2021-08-21T12:14:48.873Z] Node Version:  v12.19.0
[debug] [2021-08-21T12:14:48.874Z] Time:          Sat Aug 21 2021 16:44:48 GMT+0430 (Iran Daylight Time)
[debug] [2021-08-21T12:14:48.874Z] ----------------------------------------------------------------------
[debug] 
[debug] [2021-08-21T12:14:48.936Z] > command requires scopes: ["email","openid","https://www.googleapis.com/auth/cloudplatformprojects.readonly","https://www.googleapis.com/auth/firebase","https://www.googleapis.com/auth/cloud-platform"]
[debug] [2021-08-21T12:14:48.937Z] > authorizing via signed-in user (sailantht@gmail.com)
[debug] [2021-08-21T12:14:48.937Z] [iam] checking project eaavents for permissions ["cloudfunctions.functions.create","cloudfunctions.functions.delete","cloudfunctions.functions.get","cloudfunctions.functions.list","cloudfunctions.functions.update","cloudfunctions.operations.get","firebase.projects.get","firebasehosting.sites.update"]
[debug] [2021-08-21T12:14:48.939Z] >>> HTTP REQUEST POST https://cloudresourcemanager.googleapis.com/v1/projects/eaavents:testIamPermissions  
 {"permissions":["cloudfunctions.functions.create","cloudfunctions.functions.delete","cloudfunctions.functions.get","cloudfunctions.functions.list","cloudfunctions.functions.update","cloudfunctions.operations.get","firebase.projects.get","firebasehosting.sites.update"]}
[debug] [2021-08-21T12:14:49.654Z] <<< HTTP RESPONSE 200 {"content-type":"application/json; charset=UTF-8","vary":"X-Origin, Referer, Origin,Accept-Encoding","date":"Sat, 21 Aug 2021 12:14:49 GMT","server":"ESF","cache-control":"private","x-xss-protection":"0","x-frame-options":"SAMEORIGIN","x-content-type-options":"nosniff","server-timing":"gfet4t7; dur=121","alt-svc":"h3=\":443\"; ma=2592000,h3-29=\":443\"; ma=2592000,h3-T051=\":443\"; ma=2592000,h3-Q050=\":443\"; ma=2592000,h3-Q046=\":443\"; ma=2592000,h3-Q043=\":443\"; ma=2592000,quic=\":443\"; ma=2592000; v=\"46,43\"","accept-ranges":"none","transfer-encoding":"chunked"}
[debug] [2021-08-21T12:14:49.655Z] >>> HTTP REQUEST POST https://iam.googleapis.com/v1/projects/eaavents/serviceAccounts/eaavents@appspot.gserviceaccount.com:testIamPermissions  
 {"permissions":["iam.serviceAccounts.actAs"]}
[debug] [2021-08-21T12:14:50.459Z] <<< HTTP RESPONSE 200 {"content-type":"application/json; charset=UTF-8","vary":"X-Origin, Referer, Origin,Accept-Encoding","date":"Sat, 21 Aug 2021 12:14:49 GMT","server":"ESF","cache-control":"private","x-xss-protection":"0","x-frame-options":"SAMEORIGIN","x-content-type-options":"nosniff","alt-svc":"h3=\":443\"; ma=2592000,h3-29=\":443\"; ma=2592000,h3-T051=\":443\"; ma=2592000,h3-Q050=\":443\"; ma=2592000,h3-Q046=\":443\"; ma=2592000,h3-Q043=\":443\"; ma=2592000,quic=\":443\"; ma=2592000; v=\"46,43\"","accept-ranges":"none","transfer-encoding":"chunked"}
[debug] [2021-08-21T12:14:50.460Z] > refreshing access token with scopes: []
[debug] [2021-08-21T12:14:50.460Z] >>> HTTP REQUEST POST https://www.googleapis.com/oauth2/v3/token  
 <request body omitted>
[debug] [2021-08-21T12:14:51.077Z] <<< HTTP RESPONSE 200 {"expires":"Mon, 01 Jan 1990 00:00:00 GMT","pragma":"no-cache","cache-control":"no-cache, no-store, max-age=0, must-revalidate","date":"Sat, 21 Aug 2021 12:14:50 GMT","content-type":"application/json; charset=utf-8","vary":"X-Origin, Referer, Origin,Accept-Encoding","server":"scaffolding on HTTPServer2","x-xss-protection":"0","x-frame-options":"SAMEORIGIN","x-content-type-options":"nosniff","alt-svc":"h3=\":443\"; ma=2592000,h3-29=\":443\"; ma=2592000,h3-T051=\":443\"; ma=2592000,h3-Q050=\":443\"; ma=2592000,h3-Q046=\":443\"; ma=2592000,h3-Q043=\":443\"; ma=2592000,quic=\":443\"; ma=2592000; v=\"46,43\"","accept-ranges":"none","transfer-encoding":"chunked"}
[debug] [2021-08-21T12:14:51.088Z] >>> [apiv2][query] GET https://firebase.googleapis.com/v1beta1/projects/eaavents [none]
[debug] [2021-08-21T12:14:51.802Z] <<< [apiv2][status] GET https://firebase.googleapis.com/v1beta1/projects/eaavents 200
[debug] [2021-08-21T12:14:51.802Z] <<< [apiv2][body] GET https://firebase.googleapis.com/v1beta1/projects/eaavents {"projectId":"eaavents","projectNumber":"456181188536","displayName":"Eaavents","name":"projects/eaavents","resources":{"hostingSite":"eaavents","realtimeDatabaseInstance":"eaavents-default-rtdb","storageBucket":"eaavents.appspot.com","locationId":"us-central"},"state":"ACTIVE"}
[info] 
[info] === Deploying to 'eaavents'...
[info] 
[info] i  deploying functions, hosting 
[info] Running command: npm --prefix "$RESOURCE_DIR" run lint
[info] +  functions: Finished running predeploy script. 
[debug] [2021-08-21T12:14:55.210Z] Validating nodejs source
[debug] [2021-08-21T12:14:59.273Z] > [functions] package.json contents: {
  "name": "functions",
  "description": "Cloud Functions for Firebase",
  "scripts": {
    "lint": "eslint .",
    "serve": "firebase emulators:start --only functions",
    "shell": "firebase functions:shell",
    "start": "npm run shell",
    "deploy": "firebase deploy --only functions",
    "logs": "firebase functions:log"
  },
  "engines": {
    "node": "14"
  },
  "main": "index.js",
  "dependencies": {
    "firebase-admin": "^9.8.0",
    "firebase-functions": "^3.14.1"
  },
  "devDependencies": {
    "eslint": "^7.6.0",
    "eslint-config-google": "^0.14.0",
    "firebase-functions-test": "^0.2.0"
  },
  "private": true
}
[debug] [2021-08-21T12:14:59.273Z] Building nodejs source
[info] i  functions: ensuring required API cloudfunctions.googleapis.com is enabled... 
[debug] [2021-08-21T12:14:59.274Z] > refreshing access token with scopes: ["email","https://www.googleapis.com/auth/cloud-platform","https://www.googleapis.com/auth/cloudplatformprojects.readonly","https://www.googleapis.com/auth/firebase","openid"]
[debug] [2021-08-21T12:14:59.274Z] >>> HTTP REQUEST POST https://www.googleapis.com/oauth2/v3/token  
 <request body omitted>
[debug] [2021-08-21T12:14:59.275Z] > refreshing access token with scopes: ["email","https://www.googleapis.com/auth/cloud-platform","https://www.googleapis.com/auth/cloudplatformprojects.readonly","https://www.googleapis.com/auth/firebase","openid"]
[debug] [2021-08-21T12:14:59.275Z] >>> HTTP REQUEST POST https://www.googleapis.com/oauth2/v3/token  
 <request body omitted>
[info] i  functions: ensuring required API cloudbuild.googleapis.com is enabled... 
[debug] [2021-08-21T12:14:59.276Z] > refreshing access token with scopes: ["email","https://www.googleapis.com/auth/cloud-platform","https://www.googleapis.com/auth/cloudplatformprojects.readonly","https://www.googleapis.com/auth/firebase","openid"]
[debug] [2021-08-21T12:14:59.276Z] >>> HTTP REQUEST POST https://www.googleapis.com/oauth2/v3/token  
 <request body omitted>
[debug] [2021-08-21T12:14:59.767Z] <<< HTTP RESPONSE 200 {"pragma":"no-cache","cache-control":"no-cache, no-store, max-age=0, must-revalidate","date":"Sat, 21 Aug 2021 12:14:59 GMT","expires":"Mon, 01 Jan 1990 00:00:00 GMT","content-type":"application/json; charset=utf-8","vary":"X-Origin, Referer, Origin,Accept-Encoding","server":"scaffolding on HTTPServer2","x-xss-protection":"0","x-frame-options":"SAMEORIGIN","x-content-type-options":"nosniff","alt-svc":"h3=\":443\"; ma=2592000,h3-29=\":443\"; ma=2592000,h3-T051=\":443\"; ma=2592000,h3-Q050=\":443\"; ma=2592000,h3-Q046=\":443\"; ma=2592000,h3-Q043=\":443\"; ma=2592000,quic=\":443\"; ma=2592000; v=\"46,43\"","accept-ranges":"none","transfer-encoding":"chunked"}
[debug] [2021-08-21T12:14:59.775Z] >>> HTTP REQUEST GET https://serviceusage.googleapis.com/v1/projects/eaavents/services/cloudfunctions.googleapis.com  
 
[debug] [2021-08-21T12:14:59.785Z] <<< HTTP RESPONSE 200 {"cache-control":"no-cache, no-store, max-age=0, must-revalidate","date":"Sat, 21 Aug 2021 12:14:59 GMT","expires":"Mon, 01 Jan 1990 00:00:00 GMT","pragma":"no-cache","content-type":"application/json; charset=utf-8","vary":"X-Origin, Referer, Origin,Accept-Encoding","server":"scaffolding on HTTPServer2","x-xss-protection":"0","x-frame-options":"SAMEORIGIN","x-content-type-options":"nosniff","alt-svc":"h3=\":443\"; ma=2592000,h3-29=\":443\"; ma=2592000,h3-T051=\":443\"; ma=2592000,h3-Q050=\":443\"; ma=2592000,h3-Q046=\":443\"; ma=2592000,h3-Q043=\":443\"; ma=2592000,quic=\":443\"; ma=2592000; v=\"46,43\"","accept-ranges":"none","transfer-encoding":"chunked"}
[debug] [2021-08-21T12:14:59.793Z] >>> HTTP REQUEST GET https://serviceusage.googleapis.com/v1/projects/eaavents/services/runtimeconfig.googleapis.com  
 
[debug] [2021-08-21T12:14:59.797Z] <<< HTTP RESPONSE 200 {"expires":"Mon, 01 Jan 1990 00:00:00 GMT","date":"Sat, 21 Aug 2021 12:14:59 GMT","cache-control":"no-cache, no-store, max-age=0, must-revalidate","pragma":"no-cache","content-type":"application/json; charset=utf-8","vary":"X-Origin, Referer, Origin,Accept-Encoding","server":"scaffolding on HTTPServer2","x-xss-protection":"0","x-frame-options":"SAMEORIGIN","x-content-type-options":"nosniff","alt-svc":"h3=\":443\"; ma=2592000,h3-29=\":443\"; ma=2592000,h3-T051=\":443\"; ma=2592000,h3-Q050=\":443\"; ma=2592000,h3-Q046=\":443\"; ma=2592000,h3-Q043=\":443\"; ma=2592000,quic=\":443\"; ma=2592000; v=\"46,43\"","accept-ranges":"none","transfer-encoding":"chunked"}
[debug] [2021-08-21T12:14:59.806Z] >>> HTTP REQUEST GET https://serviceusage.googleapis.com/v1/projects/eaavents/services/cloudbuild.googleapis.com  
 
[debug] [2021-08-21T12:15:01.223Z] <<< HTTP RESPONSE 200 {"content-type":"application/json; charset=UTF-8","vary":"X-Origin, Referer, Origin,Accept-Encoding","date":"Sat, 21 Aug 2021 12:15:00 GMT","server":"ESF","cache-control":"private","x-xss-protection":"0","x-frame-options":"SAMEORIGIN","x-content-type-options":"nosniff","alt-svc":"h3=\":443\"; ma=2592000,h3-29=\":443\"; ma=2592000,h3-T051=\":443\"; ma=2592000,h3-Q050=\":443\"; ma=2592000,h3-Q046=\":443\"; ma=2592000,h3-Q043=\":443\"; ma=2592000,quic=\":443\"; ma=2592000; v=\"46,43\"","accept-ranges":"none","transfer-encoding":"chunked"}
[debug] [2021-08-21T12:15:01.433Z] <<< HTTP RESPONSE 200 {"content-type":"application/json; charset=UTF-8","vary":"X-Origin, Referer, Origin,Accept-Encoding","date":"Sat, 21 Aug 2021 12:15:00 GMT","server":"ESF","cache-control":"private","x-xss-protection":"0","x-frame-options":"SAMEORIGIN","x-content-type-options":"nosniff","alt-svc":"h3=\":443\"; ma=2592000,h3-29=\":443\"; ma=2592000,h3-T051=\":443\"; ma=2592000,h3-Q050=\":443\"; ma=2592000,h3-Q046=\":443\"; ma=2592000,h3-Q043=\":443\"; ma=2592000,quic=\":443\"; ma=2592000; v=\"46,43\"","accept-ranges":"none","transfer-encoding":"chunked"}
[info] +  functions: required API cloudbuild.googleapis.com is enabled 
[debug] [2021-08-21T12:15:01.565Z] <<< HTTP RESPONSE 200 {"content-type":"application/json; charset=UTF-8","vary":"X-Origin, Referer, Origin,Accept-Encoding","date":"Sat, 21 Aug 2021 12:15:00 GMT","server":"ESF","cache-control":"private","x-xss-protection":"0","x-frame-options":"SAMEORIGIN","x-content-type-options":"nosniff","alt-svc":"h3=\":443\"; ma=2592000,h3-29=\":443\"; ma=2592000,h3-T051=\":443\"; ma=2592000,h3-Q050=\":443\"; ma=2592000,h3-Q046=\":443\"; ma=2592000,h3-Q043=\":443\"; ma=2592000,quic=\":443\"; ma=2592000; v=\"46,43\"","accept-ranges":"none","transfer-encoding":"chunked"}
[info] +  functions: required API cloudfunctions.googleapis.com is enabled 
[debug] [2021-08-21T12:15:01.566Z] >>> HTTP REQUEST GET https://firebase.googleapis.com/v1beta1/projects/eaavents/adminSdkConfig  
 
[debug] [2021-08-21T12:15:02.517Z] <<< HTTP RESPONSE 200 {"content-type":"application/json; charset=UTF-8","vary":"X-Origin, Referer, Origin,Accept-Encoding","date":"Sat, 21 Aug 2021 12:15:01 GMT","server":"ESF","cache-control":"private","x-xss-protection":"0","x-frame-options":"SAMEORIGIN","x-content-type-options":"nosniff","alt-svc":"h3=\":443\"; ma=2592000,h3-29=\":443\"; ma=2592000,h3-T051=\":443\"; ma=2592000,h3-Q050=\":443\"; ma=2592000,h3-Q046=\":443\"; ma=2592000,h3-Q043=\":443\"; ma=2592000,quic=\":443\"; ma=2592000; v=\"46,43\"","accept-ranges":"none","transfer-encoding":"chunked"}
[debug] [2021-08-21T12:15:02.518Z] >>> HTTP REQUEST GET https://runtimeconfig.googleapis.com/v1beta1/projects/eaavents/configs  
 
[debug] [2021-08-21T12:15:04.429Z] <<< HTTP RESPONSE 200 {"content-type":"application/json; charset=UTF-8","vary":"X-Origin, Referer, Origin,Accept-Encoding","date":"Sat, 21 Aug 2021 12:15:03 GMT","server":"ESF","cache-control":"private","x-xss-protection":"0","x-frame-options":"SAMEORIGIN","x-content-type-options":"nosniff","alt-svc":"h3=\":443\"; ma=2592000,h3-29=\":443\"; ma=2592000,h3-T051=\":443\"; ma=2592000,h3-Q050=\":443\"; ma=2592000,h3-Q046=\":443\"; ma=2592000,h3-Q043=\":443\"; ma=2592000,quic=\":443\"; ma=2592000; v=\"46,43\"","accept-ranges":"none","transfer-encoding":"chunked"}
[debug] [2021-08-21T12:15:04.431Z] Analyzing nodejs backend spec
[info] i  functions: preparing functions directory for uploading... 
[info] i  functions: packaged functions (36.09 KB) for uploading 
[debug] [2021-08-21T12:15:04.679Z] >>> HTTP REQUEST GET https://cloudfunctions.googleapis.com/v1/projects/eaavents/locations/-/functions  
 
[debug] [2021-08-21T12:15:05.791Z] <<< HTTP RESPONSE 200 {"content-type":"application/json; charset=UTF-8","vary":"X-Origin, Referer, Origin,Accept-Encoding","date":"Sat, 21 Aug 2021 12:15:05 GMT","server":"ESF","cache-control":"private","x-xss-protection":"0","x-frame-options":"SAMEORIGIN","x-content-type-options":"nosniff","alt-svc":"h3=\":443\"; ma=2592000,h3-29=\":443\"; ma=2592000,h3-T051=\":443\"; ma=2592000,h3-Q050=\":443\"; ma=2592000,h3-Q046=\":443\"; ma=2592000,h3-Q043=\":443\"; ma=2592000,quic=\":443\"; ma=2592000; v=\"46,43\"","accept-ranges":"none","transfer-encoding":"chunked"}
[debug] [2021-08-21T12:15:05.794Z] >>> HTTP REQUEST POST https://firebasehosting.googleapis.com/v1beta1/sites/eaavents/versions  
 {"config":{},"labels":{"deployment-tool":"cli-firebase"}}
[debug] [2021-08-21T12:15:07.828Z] <<< HTTP RESPONSE 200 {"content-type":"application/json; charset=UTF-8","vary":"X-Origin, Referer, Origin,Accept-Encoding","date":"Sat, 21 Aug 2021 12:15:07 GMT","server":"ESF","cache-control":"private","x-xss-protection":"0","x-frame-options":"SAMEORIGIN","x-content-type-options":"nosniff","alt-svc":"h3=\":443\"; ma=2592000,h3-29=\":443\"; ma=2592000,h3-T051=\":443\"; ma=2592000,h3-Q050=\":443\"; ma=2592000,h3-Q046=\":443\"; ma=2592000,h3-Q043=\":443\"; ma=2592000,quic=\":443\"; ma=2592000; v=\"46,43\"","accept-ranges":"none","transfer-encoding":"chunked"}
[debug] [2021-08-21T12:15:07.829Z] >>> HTTP REQUEST POST https://cloudfunctions.googleapis.com/v1/projects/eaavents/locations/us-central1/functions:generateUploadUrl  
 
[debug] [2021-08-21T12:15:09.099Z] <<< HTTP RESPONSE 200 {"content-type":"application/json; charset=UTF-8","vary":"X-Origin, Referer, Origin,Accept-Encoding","date":"Sat, 21 Aug 2021 12:15:08 GMT","server":"ESF","cache-control":"private","x-xss-protection":"0","x-frame-options":"SAMEORIGIN","x-content-type-options":"nosniff","alt-svc":"h3=\":443\"; ma=2592000,h3-29=\":443\"; ma=2592000,h3-T051=\":443\"; ma=2592000,h3-Q050=\":443\"; ma=2592000,h3-Q046=\":443\"; ma=2592000,h3-Q043=\":443\"; ma=2592000,quic=\":443\"; ma=2592000; v=\"46,43\"","accept-ranges":"none","transfer-encoding":"chunked"}
[debug] [2021-08-21T12:15:09.101Z] >>> HTTP REQUEST PUT https://storage.googleapis.com/gcf-upload-us-central1-179de015-6124-413a-ba51-c9ebee5be2f4/e078d35a-ae7c-480e-91cb-b48709b41354.zip?GoogleAccessId=service-456181188536@gcf-admin-robot.iam.gserviceaccount.com&Expires=1629549908&Signature=E%2FqExae9zQYVcQnDlALVKYU0wFZRmJ0%2BFDkRxh1jfBVFYvtFUgpy86TXvmjbAaD%2BFDjiJcCI3fGkoDdV0eqZpcTms8E02t%2BDPWwZzGHVstKX8QxVUdxGRpzRsAPbCLYb8BruCSC1fvDZ2oNRl55QuAC%2BCSsIGzy82TD3fsbTmDmJ0V5oQP7vIdmfL8dl9gXb6bMr%2BiKsaKvP0vgO5BQBCP1cwT9cVQy5QmOPHqziBq73It4%2BsBY%2B%2FKeZi7%2BYWJkqGNhLnWXOgYSfUd3%2BQlE08UnC%2BoTkfvPB2eUtKg00JH68CaKP4mpkwM81RiIKvppdik07hQBSjRMrvQLYLan3gA%3D%3D  
 <request body omitted>
[debug] [2021-08-21T12:15:10.444Z] <<< HTTP RESPONSE 200 {"x-guploader-uploadid":"ADPycds75RmmckyMvBACd6G_vOqepzig5zYGQLqKfSpHTjWU58v_bssbncCHVkuyO-lTgNWOGNmp6wWng1GisaKXEdiZ2BlqHA","etag":"\"3d8782f656c6bb8b4b495bf8a5a0b358\"","x-goog-generation":"1629548109914526","x-goog-metageneration":"1","x-goog-hash":"crc32c=ETFasQ==, md5=PYeC9lbGu4tLSVv4paCzWA==","x-goog-stored-content-length":"36952","x-goog-stored-content-encoding":"identity","vary":"Origin","content-length":"0","date":"Sat, 21 Aug 2021 12:15:09 GMT","server":"UploadServer","content-type":"text/html; charset=UTF-8","alt-svc":"h3=\":443\"; ma=2592000,h3-29=\":443\"; ma=2592000,h3-T051=\":443\"; ma=2592000,h3-Q050=\":443\"; ma=2592000,h3-Q046=\":443\"; ma=2592000,h3-Q043=\":443\"; ma=2592000,quic=\":443\"; ma=2592000; v=\"46,43\""}
[info] +  functions: functions folder uploaded successfully 
[info] i  hosting[eaavents]: beginning deploy... 
[info] i  hosting[eaavents]: found 29 files in build 
[debug] [2021-08-21T12:15:11.429Z] > refreshing access token with scopes: []
[debug] [2021-08-21T12:15:11.429Z] >>> HTTP REQUEST POST https://www.googleapis.com/oauth2/v3/token  
 <request body omitted>
[debug] [2021-08-21T12:15:11.431Z] [hosting] hash cache [YnVpbGQ] stored for 29 files
[debug] [2021-08-21T12:15:11.431Z] [hosting][hash queue][FINAL] {"max":959,"min":3,"avg":44.58620689655172,"active":0,"complete":29,"success":29,"errored":0,"retried":0,"total":29,"elapsed":967}
[debug] [2021-08-21T12:15:12.026Z] <<< HTTP RESPONSE 200 {"date":"Sat, 21 Aug 2021 12:15:11 GMT","cache-control":"no-cache, no-store, max-age=0, must-revalidate","expires":"Mon, 01 Jan 1990 00:00:00 GMT","pragma":"no-cache","content-type":"application/json; charset=utf-8","vary":"X-Origin, Referer, Origin,Accept-Encoding","server":"scaffolding on HTTPServer2","x-xss-protection":"0","x-frame-options":"SAMEORIGIN","x-content-type-options":"nosniff","alt-svc":"h3=\":443\"; ma=2592000,h3-29=\":443\"; ma=2592000,h3-T051=\":443\"; ma=2592000,h3-Q050=\":443\"; ma=2592000,h3-Q046=\":443\"; ma=2592000,h3-Q043=\":443\"; ma=2592000,quic=\":443\"; ma=2592000; v=\"46,43\"","accept-ranges":"none","transfer-encoding":"chunked"}
[debug] [2021-08-21T12:15:12.035Z] >>> [apiv2][query] POST https://firebasehosting.googleapis.com/v1beta1/sites/eaavents/versions/89c87482cc4becbc:populateFiles [none]
[debug] [2021-08-21T12:15:12.035Z] >>> [apiv2][body] POST https://firebasehosting.googleapis.com/v1beta1/sites/eaavents/versions/89c87482cc4becbc:populateFiles {"files":{"/favicon.ico":"eae62e993eb980ec8a25058c39d5a51feab118bd2100c4deebb2a9c158ec11f9","/logo192.png":"3ee59515172ee198f3be375979df15ac5345183e656720a381b8872b2a39dc8b","/logo512.png":"ee7e2f3fdb8209c4b6fd7bef6ba50d1b9dba30a25bb5c3126df057e1cb6f5331","/manifest.json":"aff3449bdc238776f5d6d967f19ec491b36aed5fb7f23ccff6500736fd58494a","/robots.txt":"bfe106a3fb878dc83461c86818bf74fc1bdc7f28538ba613cd3e775516ce8b49","/assets/logo.png":"c529a5484a00aeb0ecc35780da2e0a9f4ad0d267f19724dfa699c36b2db634d4","/assets/logo2.png":"426de6904e402d305347b58bf574567c5dfcee5e9bb91f7eed3dcb77e46b09cb","/assets/user.png":"2443a658d77bde7e853692d618c690360beb818f4047ad24fec2902fa97585e2","/assets/categoryImages/culture.jpg":"2c917b0f6f42ee5073898728374644f9cfad11edfdb99f84eca06b5e27ebf400","/assets/categoryImages/drinks.jpg":"4aaff6e53df6500aad740de54484121ea19d3a46e028b280c731ba4861c2a8ad","/assets/categoryImages/film.jpg":"7fe28b484f5dba782f7ff9c6d79a0b906d7f8f9b78690b272a4cc4035a8fc9b0","/assets/categoryImages/food.jpg":"535ce81e33246097d559b40d90921ad0dceb5580f51d778e5c5dd3cbd8642613","/assets/categoryImages/music.jpg":"b666b503e38b634bf42310b1f94d013de92de2e44125658ea59872e3cc414a94","/assets/categoryImages/travel.jpg":"6072d59093d0817c47dad10bd086a89cf8457ace32cc8e3bfb14b93d960e5c42","/asset-manifest.json":"e038c4b8aebe8d5b98e432db9e26a3abd762b6a96c391a19dead4a75d209453c","/index.html":"4e6adf6c0f2866d317105933403cc7173c4c0ba63d991935c4f88c2e509cebd9","/static/css/main.a21bc949.chunk.css":"d0bb6fcb478edc00a27895d890c410831dd04fa5d8765ff8f351848e0a437707","/static/css/main.a21bc949.chunk.css.map":"784732c6c238f1c73300330f04cc33d65daf3ecf048f49cb2cf24a3b93dac96c","/static/js/2.70118587.chunk.js.LICENSE.txt":"37601acc2a67eb4cefa7e87fe17a782e3e5ca8a99b80f791dc98ef112d80839e","/static/js/3.f29f8c39.chunk.js":"777bc2ce02f6f8d28922921acce42b47a1a796248839a188e4ac2e5ab1cef92d","/static/js/3.f29f8c39.chunk.js.map":"db21c2cfee1007116db35782307c15989936db4c5adde34d1ea4fc7987e0568d","/static/js/runtime-main.4d5325d0.js":"59334932af2af4dd4e95009607f73a67794e09fbb37a10acabbc48ded0afc178","/static/js/runtime-main.4d5325d0.js.map":"c068fa12f9fc7478c56c08abe3197071e6e2a87fcee5dc0c1df920381a0e1a26","/static/js/main.208ea147.chunk.js":"0efaf58fb339ea94691258c4ad3c6e44969262d05cadace88727cfd75ec93ac6","/static/css/2.f55cfc33.chunk.css":"957afb376c77cca6d9aed50f14ab45a09c87c5a62646fd628959544b0898f20a","/static/js/main.208ea147.chunk.js.map":"300ef135cf68970d677c67b46184dc8f423b01038849c46be3441ab3a6aabb34","/static/css/2.f55cfc33.chunk.css.map":"5912a759a865f89221ed777d14217bd402be1675984e7de58c4c58b9ec9c61d8","/static/js/2.70118587.chunk.js":"cbf8ca41ca41ac9bfdfdb86ba1bc8d164562e306f7740440a6b400160e257a2b","/static/js/2.70118587.chunk.js.map":"86403f026e5dbdb31b58cc88de9bf893cdb8e3c8f91b5487f333701a95bbe82a"}}
[debug] [2021-08-21T12:15:13.582Z] <<< [apiv2][status] POST https://firebasehosting.googleapis.com/v1beta1/sites/eaavents/versions/89c87482cc4becbc:populateFiles 200
[debug] [2021-08-21T12:15:13.583Z] <<< [apiv2][body] POST https://firebasehosting.googleapis.com/v1beta1/sites/eaavents/versions/89c87482cc4becbc:populateFiles {"uploadRequiredHashes":["86403f026e5dbdb31b58cc88de9bf893cdb8e3c8f91b5487f333701a95bbe82a","300ef135cf68970d677c67b46184dc8f423b01038849c46be3441ab3a6aabb34","cbf8ca41ca41ac9bfdfdb86ba1bc8d164562e306f7740440a6b400160e257a2b","e038c4b8aebe8d5b98e432db9e26a3abd762b6a96c391a19dead4a75d209453c","0efaf58fb339ea94691258c4ad3c6e44969262d05cadace88727cfd75ec93ac6","4e6adf6c0f2866d317105933403cc7173c4c0ba63d991935c4f88c2e509cebd9"],"uploadUrl":"https://upload-firebasehosting.googleapis.com/upload/sites/eaavents/versions/89c87482cc4becbc/files"}
[debug] [2021-08-21T12:15:13.584Z] >>> [apiv2][query] POST https://upload-firebasehosting.googleapis.com/upload/sites/eaavents/versions/89c87482cc4becbc/files/86403f026e5dbdb31b58cc88de9bf893cdb8e3c8f91b5487f333701a95bbe82a [none]
[debug] [2021-08-21T12:15:13.585Z] >>> [apiv2][body] POST https://upload-firebasehosting.googleapis.com/upload/sites/eaavents/versions/89c87482cc4becbc/files/86403f026e5dbdb31b58cc88de9bf893cdb8e3c8f91b5487f333701a95bbe82a [stream]
[debug] [2021-08-21T12:15:13.585Z] >>> [apiv2][query] POST https://upload-firebasehosting.googleapis.com/upload/sites/eaavents/versions/89c87482cc4becbc/files/300ef135cf68970d677c67b46184dc8f423b01038849c46be3441ab3a6aabb34 [none]
[debug] [2021-08-21T12:15:13.586Z] >>> [apiv2][body] POST https://upload-firebasehosting.googleapis.com/upload/sites/eaavents/versions/89c87482cc4becbc/files/300ef135cf68970d677c67b46184dc8f423b01038849c46be3441ab3a6aabb34 [stream]
[debug] [2021-08-21T12:15:13.587Z] >>> [apiv2][query] POST https://upload-firebasehosting.googleapis.com/upload/sites/eaavents/versions/89c87482cc4becbc/files/cbf8ca41ca41ac9bfdfdb86ba1bc8d164562e306f7740440a6b400160e257a2b [none]
[debug] [2021-08-21T12:15:13.587Z] >>> [apiv2][body] POST https://upload-firebasehosting.googleapis.com/upload/sites/eaavents/versions/89c87482cc4becbc/files/cbf8ca41ca41ac9bfdfdb86ba1bc8d164562e306f7740440a6b400160e257a2b [stream]
[debug] [2021-08-21T12:15:13.588Z] >>> [apiv2][query] POST https://upload-firebasehosting.googleapis.com/upload/sites/eaavents/versions/89c87482cc4becbc/files/e038c4b8aebe8d5b98e432db9e26a3abd762b6a96c391a19dead4a75d209453c [none]
[debug] [2021-08-21T12:15:13.588Z] >>> [apiv2][body] POST https://upload-firebasehosting.googleapis.com/upload/sites/eaavents/versions/89c87482cc4becbc/files/e038c4b8aebe8d5b98e432db9e26a3abd762b6a96c391a19dead4a75d209453c [stream]
[debug] [2021-08-21T12:15:13.588Z] >>> [apiv2][query] POST https://upload-firebasehosting.googleapis.com/upload/sites/eaavents/versions/89c87482cc4becbc/files/0efaf58fb339ea94691258c4ad3c6e44969262d05cadace88727cfd75ec93ac6 [none]
[debug] [2021-08-21T12:15:13.588Z] >>> [apiv2][body] POST https://upload-firebasehosting.googleapis.com/upload/sites/eaavents/versions/89c87482cc4becbc/files/0efaf58fb339ea94691258c4ad3c6e44969262d05cadace88727cfd75ec93ac6 [stream]
[debug] [2021-08-21T12:15:13.589Z] >>> [apiv2][query] POST https://upload-firebasehosting.googleapis.com/upload/sites/eaavents/versions/89c87482cc4becbc/files/4e6adf6c0f2866d317105933403cc7173c4c0ba63d991935c4f88c2e509cebd9 [none]
[debug] [2021-08-21T12:15:13.589Z] >>> [apiv2][body] POST https://upload-firebasehosting.googleapis.com/upload/sites/eaavents/versions/89c87482cc4becbc/files/4e6adf6c0f2866d317105933403cc7173c4c0ba63d991935c4f88c2e509cebd9 [stream]
[debug] [2021-08-21T12:15:13.591Z] [hosting][populate queue][FINAL] {"max":2156,"min":2156,"avg":2156,"active":0,"complete":1,"success":1,"errored":0,"retried":0,"total":1,"elapsed":2163}
[debug] [2021-08-21T12:15:13.591Z] [hosting] uploads queued: 6
[debug] [2021-08-21T12:15:16.152Z] <<< [apiv2][status] POST https://upload-firebasehosting.googleapis.com/upload/sites/eaavents/versions/89c87482cc4becbc/files/e038c4b8aebe8d5b98e432db9e26a3abd762b6a96c391a19dead4a75d209453c 200
[debug] [2021-08-21T12:15:16.152Z] <<< [apiv2][body] POST https://upload-firebasehosting.googleapis.com/upload/sites/eaavents/versions/89c87482cc4becbc/files/e038c4b8aebe8d5b98e432db9e26a3abd762b6a96c391a19dead4a75d209453c [stream]
[debug] [2021-08-21T12:15:16.272Z] <<< [apiv2][status] POST https://upload-firebasehosting.googleapis.com/upload/sites/eaavents/versions/89c87482cc4becbc/files/4e6adf6c0f2866d317105933403cc7173c4c0ba63d991935c4f88c2e509cebd9 200
[debug] [2021-08-21T12:15:16.273Z] <<< [apiv2][body] POST https://upload-firebasehosting.googleapis.com/upload/sites/eaavents/versions/89c87482cc4becbc/files/4e6adf6c0f2866d317105933403cc7173c4c0ba63d991935c4f88c2e509cebd9 [stream]
[debug] [2021-08-21T12:15:17.080Z] <<< [apiv2][status] POST https://upload-firebasehosting.googleapis.com/upload/sites/eaavents/versions/89c87482cc4becbc/files/0efaf58fb339ea94691258c4ad3c6e44969262d05cadace88727cfd75ec93ac6 200
[debug] [2021-08-21T12:15:17.080Z] <<< [apiv2][body] POST https://upload-firebasehosting.googleapis.com/upload/sites/eaavents/versions/89c87482cc4becbc/files/0efaf58fb339ea94691258c4ad3c6e44969262d05cadace88727cfd75ec93ac6 [stream]
[debug] [2021-08-21T12:15:18.279Z] <<< [apiv2][status] POST https://upload-firebasehosting.googleapis.com/upload/sites/eaavents/versions/89c87482cc4becbc/files/300ef135cf68970d677c67b46184dc8f423b01038849c46be3441ab3a6aabb34 200
[debug] [2021-08-21T12:15:18.280Z] <<< [apiv2][body] POST https://upload-firebasehosting.googleapis.com/upload/sites/eaavents/versions/89c87482cc4becbc/files/300ef135cf68970d677c67b46184dc8f423b01038849c46be3441ab3a6aabb34 [stream]
[debug] [2021-08-21T12:15:28.399Z] <<< [apiv2][status] POST https://upload-firebasehosting.googleapis.com/upload/sites/eaavents/versions/89c87482cc4becbc/files/cbf8ca41ca41ac9bfdfdb86ba1bc8d164562e306f7740440a6b400160e257a2b 200
[debug] [2021-08-21T12:15:28.399Z] <<< [apiv2][body] POST https://upload-firebasehosting.googleapis.com/upload/sites/eaavents/versions/89c87482cc4becbc/files/cbf8ca41ca41ac9bfdfdb86ba1bc8d164562e306f7740440a6b400160e257a2b [stream]
[debug] [2021-08-21T12:15:46.622Z] <<< [apiv2][status] POST https://upload-firebasehosting.googleapis.com/upload/sites/eaavents/versions/89c87482cc4becbc/files/86403f026e5dbdb31b58cc88de9bf893cdb8e3c8f91b5487f333701a95bbe82a 200
[debug] [2021-08-21T12:15:46.622Z] <<< [apiv2][body] POST https://upload-firebasehosting.googleapis.com/upload/sites/eaavents/versions/89c87482cc4becbc/files/86403f026e5dbdb31b58cc88de9bf893cdb8e3c8f91b5487f333701a95bbe82a [stream]
[debug] [2021-08-21T12:15:46.622Z] [hosting][upload queue][FINAL] {"max":33039,"min":2568,"avg":10217.333333333334,"active":0,"complete":6,"success":6,"errored":0,"retried":0,"total":6,"elapsed":33039}
[info] +  hosting[eaavents]: file upload complete 
[debug] [2021-08-21T12:15:46.623Z] [hosting] deploy completed after 36178ms
[info] i  functions: updating Node.js 14 function addFollowing(us-central1)... 
[debug] [2021-08-21T12:15:46.628Z] > refreshing access token with scopes: ["email","https://www.googleapis.com/auth/cloud-platform","https://www.googleapis.com/auth/cloudplatformprojects.readonly","https://www.googleapis.com/auth/firebase","openid"]
[debug] [2021-08-21T12:15:46.628Z] >>> HTTP REQUEST POST https://www.googleapis.com/oauth2/v3/token  
 <request body omitted>
[debug] [2021-08-21T12:15:47.651Z] <<< HTTP RESPONSE 200 {"expires":"Mon, 01 Jan 1990 00:00:00 GMT","pragma":"no-cache","date":"Sat, 21 Aug 2021 12:15:47 GMT","cache-control":"no-cache, no-store, max-age=0, must-revalidate","content-type":"application/json; charset=utf-8","vary":"X-Origin, Referer, Origin,Accept-Encoding","server":"scaffolding on HTTPServer2","x-xss-protection":"0","x-frame-options":"SAMEORIGIN","x-content-type-options":"nosniff","alt-svc":"h3=\":443\"; ma=2592000,h3-29=\":443\"; ma=2592000,h3-T051=\":443\"; ma=2592000,h3-Q050=\":443\"; ma=2592000,h3-Q046=\":443\"; ma=2592000,h3-Q043=\":443\"; ma=2592000,quic=\":443\"; ma=2592000; v=\"46,43\"","accept-ranges":"none","transfer-encoding":"chunked"}
[debug] [2021-08-21T12:15:47.660Z] >>> HTTP REQUEST PATCH https://cloudfunctions.googleapis.com/v1/projects/eaavents/locations/us-central1/functions/addFollowing {"updateMask":"name,sourceUploadUrl,entryPoint,runtime,eventTrigger.eventType,eventTrigger.resource,eventTrigger.failurePolicy,labels,environmentVariables"} 
 {"name":"projects/eaavents/locations/us-central1/functions/addFollowing","sourceUploadUrl":"https://storage.googleapis.com/gcf-upload-us-central1-179de015-6124-413a-ba51-c9ebee5be2f4/e078d35a-ae7c-480e-91cb-b48709b41354.zip?GoogleAccessId=service-456181188536@gcf-admin-robot.iam.gserviceaccount.com&Expires=1629549908&Signature=E%2FqExae9zQYVcQnDlALVKYU0wFZRmJ0%2BFDkRxh1jfBVFYvtFUgpy86TXvmjbAaD%2BFDjiJcCI3fGkoDdV0eqZpcTms8E02t%2BDPWwZzGHVstKX8QxVUdxGRpzRsAPbCLYb8BruCSC1fvDZ2oNRl55QuAC%2BCSsIGzy82TD3fsbTmDmJ0V5oQP7vIdmfL8dl9gXb6bMr%2BiKsaKvP0vgO5BQBCP1cwT9cVQy5QmOPHqziBq73It4%2BsBY%2B%2FKeZi7%2BYWJkqGNhLnWXOgYSfUd3%2BQlE08UnC%2BoTkfvPB2eUtKg00JH68CaKP4mpkwM81RiIKvppdik07hQBSjRMrvQLYLan3gA%3D%3D","entryPoint":"addFollowing","runtime":"nodejs14","eventTrigger":{"eventType":"providers/cloud.firestore/eventTypes/document.create","resource":"projects/eaavents/databases/(default)/documents/following/{userUid}/userFollowing/{profileId}"},"labels":{"deployment-tool":"cli-firebase"},"environmentVariables":{"FIREBASE_CONFIG":"{\"projectId\":\"eaavents\",\"databaseURL\":\"https://eaavents-default-rtdb.firebaseio.com\",\"storageBucket\":\"eaavents.appspot.com\",\"locationId\":\"us-central\"}","GCLOUD_PROJECT":"eaavents"}}
[debug] [2021-08-21T12:15:48.767Z] <<< HTTP RESPONSE 200 {"content-type":"application/json; charset=UTF-8","vary":"X-Origin, Referer, Origin,Accept-Encoding","date":"Sat, 21 Aug 2021 12:15:48 GMT","server":"ESF","cache-control":"private","x-xss-protection":"0","x-frame-options":"SAMEORIGIN","x-content-type-options":"nosniff","alt-svc":"h3=\":443\"; ma=2592000,h3-29=\":443\"; ma=2592000,h3-T051=\":443\"; ma=2592000,h3-Q050=\":443\"; ma=2592000,h3-Q046=\":443\"; ma=2592000,h3-Q043=\":443\"; ma=2592000,quic=\":443\"; ma=2592000; v=\"46,43\"","accept-ranges":"none","transfer-encoding":"chunked"}
[debug] [2021-08-21T12:15:48.768Z] > refreshing access token with scopes: []
[debug] [2021-08-21T12:15:48.769Z] >>> HTTP REQUEST POST https://www.googleapis.com/oauth2/v3/token  
 <request body omitted>
[debug] [2021-08-21T12:15:49.245Z] <<< HTTP RESPONSE 200 {"pragma":"no-cache","expires":"Mon, 01 Jan 1990 00:00:00 GMT","date":"Sat, 21 Aug 2021 12:15:48 GMT","cache-control":"no-cache, no-store, max-age=0, must-revalidate","content-type":"application/json; charset=utf-8","vary":"X-Origin, Referer, Origin,Accept-Encoding","server":"scaffolding on HTTPServer2","x-xss-protection":"0","x-frame-options":"SAMEORIGIN","x-content-type-options":"nosniff","alt-svc":"h3=\":443\"; ma=2592000,h3-29=\":443\"; ma=2592000,h3-T051=\":443\"; ma=2592000,h3-Q050=\":443\"; ma=2592000,h3-Q046=\":443\"; ma=2592000,h3-Q043=\":443\"; ma=2592000,quic=\":443\"; ma=2592000; v=\"46,43\"","accept-ranges":"none","transfer-encoding":"chunked"}
[debug] [2021-08-21T12:15:49.253Z] >>> [apiv2][query] GET https://cloudfunctions.googleapis.com/v1/operations/ZWFhdmVudHMvdXMtY2VudHJhbDEvYWRkRm9sbG93aW5nL0duZHo5UnRRcUlJ [none]
[debug] [2021-08-21T12:15:49.866Z] <<< [apiv2][status] GET https://cloudfunctions.googleapis.com/v1/operations/ZWFhdmVudHMvdXMtY2VudHJhbDEvYWRkRm9sbG93aW5nL0duZHo5UnRRcUlJ 200
[debug] [2021-08-21T12:15:49.866Z] <<< [apiv2][body] GET https://cloudfunctions.googleapis.com/v1/operations/ZWFhdmVudHMvdXMtY2VudHJhbDEvYWRkRm9sbG93aW5nL0duZHo5UnRRcUlJ {"name":"operations/ZWFhdmVudHMvdXMtY2VudHJhbDEvYWRkRm9sbG93aW5nL0duZHo5UnRRcUlJ","metadata":{"@type":"type.googleapis.com/google.cloud.functions.v1.OperationMetadataV1","target":"projects/eaavents/locations/us-central1/functions/addFollowing","type":"UPDATE_FUNCTION","request":{"@type":"type.googleapis.com/google.cloud.functions.v1.CloudFunction","name":"projects/eaavents/locations/us-central1/functions/addFollowing","eventTrigger":{"eventType":"providers/cloud.firestore/eventTypes/document.create","resource":"projects/eaavents/databases/(default)/documents/following/{userUid}/userFollowing/{profileId}","service":"firestore.googleapis.com"},"status":"ACTIVE","entryPoint":"addFollowing","timeout":"60s","availableMemoryMb":256,"serviceAccountEmail":"eaavents@appspot.gserviceaccount.com","updateTime":"2021-08-21T11:40:45.799Z","versionId":"6","labels":{"deployment-tool":"cli-firebase"},"sourceUploadUrl":"https://storage.googleapis.com/gcf-upload-us-central1-179de015-6124-413a-ba51-c9ebee5be2f4/e078d35a-ae7c-480e-91cb-b48709b41354.zip?GoogleAccessId=service-456181188536@gcf-admin-robot.iam.gserviceaccount.com&Expires=1629549908&Signature=E%2FqExae9zQYVcQnDlALVKYU0wFZRmJ0%2BFDkRxh1jfBVFYvtFUgpy86TXvmjbAaD%2BFDjiJcCI3fGkoDdV0eqZpcTms8E02t%2BDPWwZzGHVstKX8QxVUdxGRpzRsAPbCLYb8BruCSC1fvDZ2oNRl55QuAC%2BCSsIGzy82TD3fsbTmDmJ0V5oQP7vIdmfL8dl9gXb6bMr%2BiKsaKvP0vgO5BQBCP1cwT9cVQy5QmOPHqziBq73It4%2BsBY%2B%2FKeZi7%2BYWJkqGNhLnWXOgYSfUd3%2BQlE08UnC%2BoTkfvPB2eUtKg00JH68CaKP4mpkwM81RiIKvppdik07hQBSjRMrvQLYLan3gA%3D%3D","environmentVariables":{"FIREBASE_CONFIG":"{\"projectId\":\"eaavents\",\"databaseURL\":\"https://eaavents-default-rtdb.firebaseio.com\",\"storageBucket\":\"eaavents.appspot.com\",\"locationId\":\"us-central\"}","GCLOUD_PROJECT":"eaavents"},"runtime":"nodejs14","ingressSettings":"ALLOW_ALL","buildId":"e6d2ba2f-77bd-4ddc-b4f7-1bb674f7d121","buildName":"projects/456181188536/locations/us-central1/builds/e6d2ba2f-77bd-4ddc-b4f7-1bb674f7d121"},"versionId":"7","updateTime":"2021-08-21T12:15:48Z","buildId":"b543967b-d304-430d-8839-4c8042998e84","buildName":"projects/456181188536/locations/us-central1/builds/b543967b-d304-430d-8839-4c8042998e84"}}
[debug] [2021-08-21T12:15:50.371Z] [update-projects/eaavents/locations/us-central1/functions/addFollowing] Retrying task index 0
[debug] [2021-08-21T12:15:50.372Z] >>> [apiv2][query] GET https://cloudfunctions.googleapis.com/v1/operations/ZWFhdmVudHMvdXMtY2VudHJhbDEvYWRkRm9sbG93aW5nL0duZHo5UnRRcUlJ [none]
[debug] [2021-08-21T12:15:50.989Z] <<< [apiv2][status] GET https://cloudfunctions.googleapis.com/v1/operations/ZWFhdmVudHMvdXMtY2VudHJhbDEvYWRkRm9sbG93aW5nL0duZHo5UnRRcUlJ 200
[debug] [2021-08-21T12:15:50.989Z] <<< [apiv2][body] GET https://cloudfunctions.googleapis.com/v1/operations/ZWFhdmVudHMvdXMtY2VudHJhbDEvYWRkRm9sbG93aW5nL0duZHo5UnRRcUlJ {"name":"operations/ZWFhdmVudHMvdXMtY2VudHJhbDEvYWRkRm9sbG93aW5nL0duZHo5UnRRcUlJ","metadata":{"@type":"type.googleapis.com/google.cloud.functions.v1.OperationMetadataV1","target":"projects/eaavents/locations/us-central1/functions/addFollowing","type":"UPDATE_FUNCTION","request":{"@type":"type.googleapis.com/google.cloud.functions.v1.CloudFunction","name":"projects/eaavents/locations/us-central1/functions/addFollowing","eventTrigger":{"eventType":"providers/cloud.firestore/eventTypes/document.create","resource":"projects/eaavents/databases/(default)/documents/following/{userUid}/userFollowing/{profileId}","service":"firestore.googleapis.com"},"status":"ACTIVE","entryPoint":"addFollowing","timeout":"60s","availableMemoryMb":256,"serviceAccountEmail":"eaavents@appspot.gserviceaccount.com","updateTime":"2021-08-21T11:40:45.799Z","versionId":"6","labels":{"deployment-tool":"cli-firebase"},"sourceUploadUrl":"https://storage.googleapis.com/gcf-upload-us-central1-179de015-6124-413a-ba51-c9ebee5be2f4/e078d35a-ae7c-480e-91cb-b48709b41354.zip?GoogleAccessId=service-456181188536@gcf-admin-robot.iam.gserviceaccount.com&Expires=1629549908&Signature=E%2FqExae9zQYVcQnDlALVKYU0wFZRmJ0%2BFDkRxh1jfBVFYvtFUgpy86TXvmjbAaD%2BFDjiJcCI3fGkoDdV0eqZpcTms8E02t%2BDPWwZzGHVstKX8QxVUdxGRpzRsAPbCLYb8BruCSC1fvDZ2oNRl55QuAC%2BCSsIGzy82TD3fsbTmDmJ0V5oQP7vIdmfL8dl9gXb6bMr%2BiKsaKvP0vgO5BQBCP1cwT9cVQy5QmOPHqziBq73It4%2BsBY%2B%2FKeZi7%2BYWJkqGNhLnWXOgYSfUd3%2BQlE08UnC%2BoTkfvPB2eUtKg00JH68CaKP4mpkwM81RiIKvppdik07hQBSjRMrvQLYLan3gA%3D%3D","environmentVariables":{"FIREBASE_CONFIG":"{\"projectId\":\"eaavents\",\"databaseURL\":\"https://eaavents-default-rtdb.firebaseio.com\",\"storageBucket\":\"eaavents.appspot.com\",\"locationId\":\"us-central\"}","GCLOUD_PROJECT":"eaavents"},"runtime":"nodejs14","ingressSettings":"ALLOW_ALL","buildId":"e6d2ba2f-77bd-4ddc-b4f7-1bb674f7d121","buildName":"projects/456181188536/locations/us-central1/builds/e6d2ba2f-77bd-4ddc-b4f7-1bb674f7d121"},"versionId":"7","updateTime":"2021-08-21T12:15:48Z","buildId":"b543967b-d304-430d-8839-4c8042998e84","buildName":"projects/456181188536/locations/us-central1/builds/b543967b-d304-430d-8839-4c8042998e84"}}
[debug] [2021-08-21T12:15:52.003Z] [update-projects/eaavents/locations/us-central1/functions/addFollowing] Retrying task index 0
[debug] [2021-08-21T12:15:52.004Z] >>> [apiv2][query] GET https://cloudfunctions.googleapis.com/v1/operations/ZWFhdmVudHMvdXMtY2VudHJhbDEvYWRkRm9sbG93aW5nL0duZHo5UnRRcUlJ [none]
[debug] [2021-08-21T12:15:52.626Z] <<< [apiv2][status] GET https://cloudfunctions.googleapis.com/v1/operations/ZWFhdmVudHMvdXMtY2VudHJhbDEvYWRkRm9sbG93aW5nL0duZHo5UnRRcUlJ 200
[debug] [2021-08-21T12:15:52.626Z] <<< [apiv2][body] GET https://cloudfunctions.googleapis.com/v1/operations/ZWFhdmVudHMvdXMtY2VudHJhbDEvYWRkRm9sbG93aW5nL0duZHo5UnRRcUlJ {"name":"operations/ZWFhdmVudHMvdXMtY2VudHJhbDEvYWRkRm9sbG93aW5nL0duZHo5UnRRcUlJ","metadata":{"@type":"type.googleapis.com/google.cloud.functions.v1.OperationMetadataV1","target":"projects/eaavents/locations/us-central1/functions/addFollowing","type":"UPDATE_FUNCTION","request":{"@type":"type.googleapis.com/google.cloud.functions.v1.CloudFunction","name":"projects/eaavents/locations/us-central1/functions/addFollowing","eventTrigger":{"eventType":"providers/cloud.firestore/eventTypes/document.create","resource":"projects/eaavents/databases/(default)/documents/following/{userUid}/userFollowing/{profileId}","service":"firestore.googleapis.com"},"status":"ACTIVE","entryPoint":"addFollowing","timeout":"60s","availableMemoryMb":256,"serviceAccountEmail":"eaavents@appspot.gserviceaccount.com","updateTime":"2021-08-21T11:40:45.799Z","versionId":"6","labels":{"deployment-tool":"cli-firebase"},"sourceUploadUrl":"https://storage.googleapis.com/gcf-upload-us-central1-179de015-6124-413a-ba51-c9ebee5be2f4/e078d35a-ae7c-480e-91cb-b48709b41354.zip?GoogleAccessId=service-456181188536@gcf-admin-robot.iam.gserviceaccount.com&Expires=1629549908&Signature=E%2FqExae9zQYVcQnDlALVKYU0wFZRmJ0%2BFDkRxh1jfBVFYvtFUgpy86TXvmjbAaD%2BFDjiJcCI3fGkoDdV0eqZpcTms8E02t%2BDPWwZzGHVstKX8QxVUdxGRpzRsAPbCLYb8BruCSC1fvDZ2oNRl55QuAC%2BCSsIGzy82TD3fsbTmDmJ0V5oQP7vIdmfL8dl9gXb6bMr%2BiKsaKvP0vgO5BQBCP1cwT9cVQy5QmOPHqziBq73It4%2BsBY%2B%2FKeZi7%2BYWJkqGNhLnWXOgYSfUd3%2BQlE08UnC%2BoTkfvPB2eUtKg00JH68CaKP4mpkwM81RiIKvppdik07hQBSjRMrvQLYLan3gA%3D%3D","environmentVariables":{"FIREBASE_CONFIG":"{\"projectId\":\"eaavents\",\"databaseURL\":\"https://eaavents-default-rtdb.firebaseio.com\",\"storageBucket\":\"eaavents.appspot.com\",\"locationId\":\"us-central\"}","GCLOUD_PROJECT":"eaavents"},"runtime":"nodejs14","ingressSettings":"ALLOW_ALL","buildId":"e6d2ba2f-77bd-4ddc-b4f7-1bb674f7d121","buildName":"projects/456181188536/locations/us-central1/builds/e6d2ba2f-77bd-4ddc-b4f7-1bb674f7d121"},"versionId":"7","updateTime":"2021-08-21T12:15:48Z","buildId":"b543967b-d304-430d-8839-4c8042998e84","buildName":"projects/456181188536/locations/us-central1/builds/b543967b-d304-430d-8839-4c8042998e84"}}
[debug] [2021-08-21T12:15:54.633Z] [update-projects/eaavents/locations/us-central1/functions/addFollowing] Retrying task index 0
[debug] [2021-08-21T12:15:54.633Z] >>> [apiv2][query] GET https://cloudfunctions.googleapis.com/v1/operations/ZWFhdmVudHMvdXMtY2VudHJhbDEvYWRkRm9sbG93aW5nL0duZHo5UnRRcUlJ [none]
[debug] [2021-08-21T12:15:55.268Z] <<< [apiv2][status] GET https://cloudfunctions.googleapis.com/v1/operations/ZWFhdmVudHMvdXMtY2VudHJhbDEvYWRkRm9sbG93aW5nL0duZHo5UnRRcUlJ 200
[debug] [2021-08-21T12:15:55.269Z] <<< [apiv2][body] GET https://cloudfunctions.googleapis.com/v1/operations/ZWFhdmVudHMvdXMtY2VudHJhbDEvYWRkRm9sbG93aW5nL0duZHo5UnRRcUlJ {"name":"operations/ZWFhdmVudHMvdXMtY2VudHJhbDEvYWRkRm9sbG93aW5nL0duZHo5UnRRcUlJ","metadata":{"@type":"type.googleapis.com/google.cloud.functions.v1.OperationMetadataV1","target":"projects/eaavents/locations/us-central1/functions/addFollowing","type":"UPDATE_FUNCTION","request":{"@type":"type.googleapis.com/google.cloud.functions.v1.CloudFunction","name":"projects/eaavents/locations/us-central1/functions/addFollowing","eventTrigger":{"eventType":"providers/cloud.firestore/eventTypes/document.create","resource":"projects/eaavents/databases/(default)/documents/following/{userUid}/userFollowing/{profileId}","service":"firestore.googleapis.com"},"status":"ACTIVE","entryPoint":"addFollowing","timeout":"60s","availableMemoryMb":256,"serviceAccountEmail":"eaavents@appspot.gserviceaccount.com","updateTime":"2021-08-21T11:40:45.799Z","versionId":"6","labels":{"deployment-tool":"cli-firebase"},"sourceUploadUrl":"https://storage.googleapis.com/gcf-upload-us-central1-179de015-6124-413a-ba51-c9ebee5be2f4/e078d35a-ae7c-480e-91cb-b48709b41354.zip?GoogleAccessId=service-456181188536@gcf-admin-robot.iam.gserviceaccount.com&Expires=1629549908&Signature=E%2FqExae9zQYVcQnDlALVKYU0wFZRmJ0%2BFDkRxh1jfBVFYvtFUgpy86TXvmjbAaD%2BFDjiJcCI3fGkoDdV0eqZpcTms8E02t%2BDPWwZzGHVstKX8QxVUdxGRpzRsAPbCLYb8BruCSC1fvDZ2oNRl55QuAC%2BCSsIGzy82TD3fsbTmDmJ0V5oQP7vIdmfL8dl9gXb6bMr%2BiKsaKvP0vgO5BQBCP1cwT9cVQy5QmOPHqziBq73It4%2BsBY%2B%2FKeZi7%2BYWJkqGNhLnWXOgYSfUd3%2BQlE08UnC%2BoTkfvPB2eUtKg00JH68CaKP4mpkwM81RiIKvppdik07hQBSjRMrvQLYLan3gA%3D%3D","environmentVariables":{"FIREBASE_CONFIG":"{\"projectId\":\"eaavents\",\"databaseURL\":\"https://eaavents-default-rtdb.firebaseio.com\",\"storageBucket\":\"eaavents.appspot.com\",\"locationId\":\"us-central\"}","GCLOUD_PROJECT":"eaavents"},"runtime":"nodejs14","ingressSettings":"ALLOW_ALL","buildId":"e6d2ba2f-77bd-4ddc-b4f7-1bb674f7d121","buildName":"projects/456181188536/locations/us-central1/builds/e6d2ba2f-77bd-4ddc-b4f7-1bb674f7d121"},"versionId":"7","updateTime":"2021-08-21T12:15:48Z","buildId":"b543967b-d304-430d-8839-4c8042998e84","buildName":"projects/456181188536/locations/us-central1/builds/b543967b-d304-430d-8839-4c8042998e84"}}
[debug] [2021-08-21T12:15:59.279Z] [update-projects/eaavents/locations/us-central1/functions/addFollowing] Retrying task index 0
[debug] [2021-08-21T12:15:59.279Z] >>> [apiv2][query] GET https://cloudfunctions.googleapis.com/v1/operations/ZWFhdmVudHMvdXMtY2VudHJhbDEvYWRkRm9sbG93aW5nL0duZHo5UnRRcUlJ [none]
[debug] [2021-08-21T12:15:59.922Z] <<< [apiv2][status] GET https://cloudfunctions.googleapis.com/v1/operations/ZWFhdmVudHMvdXMtY2VudHJhbDEvYWRkRm9sbG93aW5nL0duZHo5UnRRcUlJ 200
[debug] [2021-08-21T12:15:59.922Z] <<< [apiv2][body] GET https://cloudfunctions.googleapis.com/v1/operations/ZWFhdmVudHMvdXMtY2VudHJhbDEvYWRkRm9sbG93aW5nL0duZHo5UnRRcUlJ {"name":"operations/ZWFhdmVudHMvdXMtY2VudHJhbDEvYWRkRm9sbG93aW5nL0duZHo5UnRRcUlJ","metadata":{"@type":"type.googleapis.com/google.cloud.functions.v1.OperationMetadataV1","target":"projects/eaavents/locations/us-central1/functions/addFollowing","type":"UPDATE_FUNCTION","request":{"@type":"type.googleapis.com/google.cloud.functions.v1.CloudFunction","name":"projects/eaavents/locations/us-central1/functions/addFollowing","eventTrigger":{"eventType":"providers/cloud.firestore/eventTypes/document.create","resource":"projects/eaavents/databases/(default)/documents/following/{userUid}/userFollowing/{profileId}","service":"firestore.googleapis.com"},"status":"ACTIVE","entryPoint":"addFollowing","timeout":"60s","availableMemoryMb":256,"serviceAccountEmail":"eaavents@appspot.gserviceaccount.com","updateTime":"2021-08-21T11:40:45.799Z","versionId":"6","labels":{"deployment-tool":"cli-firebase"},"sourceUploadUrl":"https://storage.googleapis.com/gcf-upload-us-central1-179de015-6124-413a-ba51-c9ebee5be2f4/e078d35a-ae7c-480e-91cb-b48709b41354.zip?GoogleAccessId=service-456181188536@gcf-admin-robot.iam.gserviceaccount.com&Expires=1629549908&Signature=E%2FqExae9zQYVcQnDlALVKYU0wFZRmJ0%2BFDkRxh1jfBVFYvtFUgpy86TXvmjbAaD%2BFDjiJcCI3fGkoDdV0eqZpcTms8E02t%2BDPWwZzGHVstKX8QxVUdxGRpzRsAPbCLYb8BruCSC1fvDZ2oNRl55QuAC%2BCSsIGzy82TD3fsbTmDmJ0V5oQP7vIdmfL8dl9gXb6bMr%2BiKsaKvP0vgO5BQBCP1cwT9cVQy5QmOPHqziBq73It4%2BsBY%2B%2FKeZi7%2BYWJkqGNhLnWXOgYSfUd3%2BQlE08UnC%2BoTkfvPB2eUtKg00JH68CaKP4mpkwM81RiIKvppdik07hQBSjRMrvQLYLan3gA%3D%3D","environmentVariables":{"FIREBASE_CONFIG":"{\"projectId\":\"eaavents\",\"databaseURL\":\"https://eaavents-default-rtdb.firebaseio.com\",\"storageBucket\":\"eaavents.appspot.com\",\"locationId\":\"us-central\"}","GCLOUD_PROJECT":"eaavents"},"runtime":"nodejs14","ingressSettings":"ALLOW_ALL","buildId":"e6d2ba2f-77bd-4ddc-b4f7-1bb674f7d121","buildName":"projects/456181188536/locations/us-central1/builds/e6d2ba2f-77bd-4ddc-b4f7-1bb674f7d121"},"versionId":"7","updateTime":"2021-08-21T12:15:48Z","buildId":"b543967b-d304-430d-8839-4c8042998e84","buildName":"projects/456181188536/locations/us-central1/builds/b543967b-d304-430d-8839-4c8042998e84"}}
[debug] [2021-08-21T12:16:07.934Z] [update-projects/eaavents/locations/us-central1/functions/addFollowing] Retrying task index 0
[debug] [2021-08-21T12:16:07.935Z] >>> [apiv2][query] GET https://cloudfunctions.googleapis.com/v1/operations/ZWFhdmVudHMvdXMtY2VudHJhbDEvYWRkRm9sbG93aW5nL0duZHo5UnRRcUlJ [none]
[debug] [2021-08-21T12:16:08.576Z] <<< [apiv2][status] GET https://cloudfunctions.googleapis.com/v1/operations/ZWFhdmVudHMvdXMtY2VudHJhbDEvYWRkRm9sbG93aW5nL0duZHo5UnRRcUlJ 200
[debug] [2021-08-21T12:16:08.576Z] <<< [apiv2][body] GET https://cloudfunctions.googleapis.com/v1/operations/ZWFhdmVudHMvdXMtY2VudHJhbDEvYWRkRm9sbG93aW5nL0duZHo5UnRRcUlJ {"name":"operations/ZWFhdmVudHMvdXMtY2VudHJhbDEvYWRkRm9sbG93aW5nL0duZHo5UnRRcUlJ","metadata":{"@type":"type.googleapis.com/google.cloud.functions.v1.OperationMetadataV1","target":"projects/eaavents/locations/us-central1/functions/addFollowing","type":"UPDATE_FUNCTION","request":{"@type":"type.googleapis.com/google.cloud.functions.v1.CloudFunction","name":"projects/eaavents/locations/us-central1/functions/addFollowing","eventTrigger":{"eventType":"providers/cloud.firestore/eventTypes/document.create","resource":"projects/eaavents/databases/(default)/documents/following/{userUid}/userFollowing/{profileId}","service":"firestore.googleapis.com"},"status":"ACTIVE","entryPoint":"addFollowing","timeout":"60s","availableMemoryMb":256,"serviceAccountEmail":"eaavents@appspot.gserviceaccount.com","updateTime":"2021-08-21T11:40:45.799Z","versionId":"6","labels":{"deployment-tool":"cli-firebase"},"sourceUploadUrl":"https://storage.googleapis.com/gcf-upload-us-central1-179de015-6124-413a-ba51-c9ebee5be2f4/e078d35a-ae7c-480e-91cb-b48709b41354.zip?GoogleAccessId=service-456181188536@gcf-admin-robot.iam.gserviceaccount.com&Expires=1629549908&Signature=E%2FqExae9zQYVcQnDlALVKYU0wFZRmJ0%2BFDkRxh1jfBVFYvtFUgpy86TXvmjbAaD%2BFDjiJcCI3fGkoDdV0eqZpcTms8E02t%2BDPWwZzGHVstKX8QxVUdxGRpzRsAPbCLYb8BruCSC1fvDZ2oNRl55QuAC%2BCSsIGzy82TD3fsbTmDmJ0V5oQP7vIdmfL8dl9gXb6bMr%2BiKsaKvP0vgO5BQBCP1cwT9cVQy5QmOPHqziBq73It4%2BsBY%2B%2FKeZi7%2BYWJkqGNhLnWXOgYSfUd3%2BQlE08UnC%2BoTkfvPB2eUtKg00JH68CaKP4mpkwM81RiIKvppdik07hQBSjRMrvQLYLan3gA%3D%3D","environmentVariables":{"FIREBASE_CONFIG":"{\"projectId\":\"eaavents\",\"databaseURL\":\"https://eaavents-default-rtdb.firebaseio.com\",\"storageBucket\":\"eaavents.appspot.com\",\"locationId\":\"us-central\"}","GCLOUD_PROJECT":"eaavents"},"runtime":"nodejs14","ingressSettings":"ALLOW_ALL","buildId":"e6d2ba2f-77bd-4ddc-b4f7-1bb674f7d121","buildName":"projects/456181188536/locations/us-central1/builds/e6d2ba2f-77bd-4ddc-b4f7-1bb674f7d121"},"versionId":"7","updateTime":"2021-08-21T12:15:48Z","buildId":"b543967b-d304-430d-8839-4c8042998e84","buildName":"projects/456181188536/locations/us-central1/builds/b543967b-d304-430d-8839-4c8042998e84"}}
[debug] [2021-08-21T12:16:24.591Z] [update-projects/eaavents/locations/us-central1/functions/addFollowing] Retrying task index 0
[debug] [2021-08-21T12:16:24.591Z] >>> [apiv2][query] GET https://cloudfunctions.googleapis.com/v1/operations/ZWFhdmVudHMvdXMtY2VudHJhbDEvYWRkRm9sbG93aW5nL0duZHo5UnRRcUlJ [none]
[debug] [2021-08-21T12:16:25.506Z] <<< [apiv2][status] GET https://cloudfunctions.googleapis.com/v1/operations/ZWFhdmVudHMvdXMtY2VudHJhbDEvYWRkRm9sbG93aW5nL0duZHo5UnRRcUlJ 200
[debug] [2021-08-21T12:16:25.506Z] <<< [apiv2][body] GET https://cloudfunctions.googleapis.com/v1/operations/ZWFhdmVudHMvdXMtY2VudHJhbDEvYWRkRm9sbG93aW5nL0duZHo5UnRRcUlJ {"name":"operations/ZWFhdmVudHMvdXMtY2VudHJhbDEvYWRkRm9sbG93aW5nL0duZHo5UnRRcUlJ","metadata":{"@type":"type.googleapis.com/google.cloud.functions.v1.OperationMetadataV1","target":"projects/eaavents/locations/us-central1/functions/addFollowing","type":"UPDATE_FUNCTION","request":{"@type":"type.googleapis.com/google.cloud.functions.v1.CloudFunction","name":"projects/eaavents/locations/us-central1/functions/addFollowing","eventTrigger":{"eventType":"providers/cloud.firestore/eventTypes/document.create","resource":"projects/eaavents/databases/(default)/documents/following/{userUid}/userFollowing/{profileId}","service":"firestore.googleapis.com"},"status":"ACTIVE","entryPoint":"addFollowing","timeout":"60s","availableMemoryMb":256,"serviceAccountEmail":"eaavents@appspot.gserviceaccount.com","updateTime":"2021-08-21T11:40:45.799Z","versionId":"6","labels":{"deployment-tool":"cli-firebase"},"sourceUploadUrl":"https://storage.googleapis.com/gcf-upload-us-central1-179de015-6124-413a-ba51-c9ebee5be2f4/e078d35a-ae7c-480e-91cb-b48709b41354.zip?GoogleAccessId=service-456181188536@gcf-admin-robot.iam.gserviceaccount.com&Expires=1629549908&Signature=E%2FqExae9zQYVcQnDlALVKYU0wFZRmJ0%2BFDkRxh1jfBVFYvtFUgpy86TXvmjbAaD%2BFDjiJcCI3fGkoDdV0eqZpcTms8E02t%2BDPWwZzGHVstKX8QxVUdxGRpzRsAPbCLYb8BruCSC1fvDZ2oNRl55QuAC%2BCSsIGzy82TD3fsbTmDmJ0V5oQP7vIdmfL8dl9gXb6bMr%2BiKsaKvP0vgO5BQBCP1cwT9cVQy5QmOPHqziBq73It4%2BsBY%2B%2FKeZi7%2BYWJkqGNhLnWXOgYSfUd3%2BQlE08UnC%2BoTkfvPB2eUtKg00JH68CaKP4mpkwM81RiIKvppdik07hQBSjRMrvQLYLan3gA%3D%3D","environmentVariables":{"FIREBASE_CONFIG":"{\"projectId\":\"eaavents\",\"databaseURL\":\"https://eaavents-default-rtdb.firebaseio.com\",\"storageBucket\":\"eaavents.appspot.com\",\"locationId\":\"us-central\"}","GCLOUD_PROJECT":"eaavents"},"runtime":"nodejs14","ingressSettings":"ALLOW_ALL","buildId":"e6d2ba2f-77bd-4ddc-b4f7-1bb674f7d121","buildName":"projects/456181188536/locations/us-central1/builds/e6d2ba2f-77bd-4ddc-b4f7-1bb674f7d121"},"versionId":"7","updateTime":"2021-08-21T12:15:48Z","buildId":"b543967b-d304-430d-8839-4c8042998e84","buildName":"projects/456181188536/locations/us-central1/builds/b543967b-d304-430d-8839-4c8042998e84"}}
[debug] [2021-08-21T12:16:57.520Z] [update-projects/eaavents/locations/us-central1/functions/addFollowing] Retrying task index 0
[debug] [2021-08-21T12:16:57.521Z] >>> [apiv2][query] GET https://cloudfunctions.googleapis.com/v1/operations/ZWFhdmVudHMvdXMtY2VudHJhbDEvYWRkRm9sbG93aW5nL0duZHo5UnRRcUlJ [none]
[debug] [2021-08-21T12:16:58.225Z] <<< [apiv2][status] GET https://cloudfunctions.googleapis.com/v1/operations/ZWFhdmVudHMvdXMtY2VudHJhbDEvYWRkRm9sbG93aW5nL0duZHo5UnRRcUlJ 200
[debug] [2021-08-21T12:16:58.225Z] <<< [apiv2][body] GET https://cloudfunctions.googleapis.com/v1/operations/ZWFhdmVudHMvdXMtY2VudHJhbDEvYWRkRm9sbG93aW5nL0duZHo5UnRRcUlJ {"name":"operations/ZWFhdmVudHMvdXMtY2VudHJhbDEvYWRkRm9sbG93aW5nL0duZHo5UnRRcUlJ","metadata":{"@type":"type.googleapis.com/google.cloud.functions.v1.OperationMetadataV1","target":"projects/eaavents/locations/us-central1/functions/addFollowing","type":"UPDATE_FUNCTION","request":{"@type":"type.googleapis.com/google.cloud.functions.v1.CloudFunction","name":"projects/eaavents/locations/us-central1/functions/addFollowing","eventTrigger":{"eventType":"providers/cloud.firestore/eventTypes/document.create","resource":"projects/eaavents/databases/(default)/documents/following/{userUid}/userFollowing/{profileId}","service":"firestore.googleapis.com"},"status":"ACTIVE","entryPoint":"addFollowing","timeout":"60s","availableMemoryMb":256,"serviceAccountEmail":"eaavents@appspot.gserviceaccount.com","updateTime":"2021-08-21T11:40:45.799Z","versionId":"6","labels":{"deployment-tool":"cli-firebase"},"sourceUploadUrl":"https://storage.googleapis.com/gcf-upload-us-central1-179de015-6124-413a-ba51-c9ebee5be2f4/e078d35a-ae7c-480e-91cb-b48709b41354.zip?GoogleAccessId=service-456181188536@gcf-admin-robot.iam.gserviceaccount.com&Expires=1629549908&Signature=E%2FqExae9zQYVcQnDlALVKYU0wFZRmJ0%2BFDkRxh1jfBVFYvtFUgpy86TXvmjbAaD%2BFDjiJcCI3fGkoDdV0eqZpcTms8E02t%2BDPWwZzGHVstKX8QxVUdxGRpzRsAPbCLYb8BruCSC1fvDZ2oNRl55QuAC%2BCSsIGzy82TD3fsbTmDmJ0V5oQP7vIdmfL8dl9gXb6bMr%2BiKsaKvP0vgO5BQBCP1cwT9cVQy5QmOPHqziBq73It4%2BsBY%2B%2FKeZi7%2BYWJkqGNhLnWXOgYSfUd3%2BQlE08UnC%2BoTkfvPB2eUtKg00JH68CaKP4mpkwM81RiIKvppdik07hQBSjRMrvQLYLan3gA%3D%3D","environmentVariables":{"FIREBASE_CONFIG":"{\"projectId\":\"eaavents\",\"databaseURL\":\"https://eaavents-default-rtdb.firebaseio.com\",\"storageBucket\":\"eaavents.appspot.com\",\"locationId\":\"us-central\"}","GCLOUD_PROJECT":"eaavents"},"runtime":"nodejs14","ingressSettings":"ALLOW_ALL","buildId":"e6d2ba2f-77bd-4ddc-b4f7-1bb674f7d121","buildName":"projects/456181188536/locations/us-central1/builds/e6d2ba2f-77bd-4ddc-b4f7-1bb674f7d121"},"versionId":"7","updateTime":"2021-08-21T12:15:48Z","buildId":"b543967b-d304-430d-8839-4c8042998e84","sourceToken":"728ab158-634f-4ed1-9b6c-d893c9966c80","buildName":"projects/456181188536/locations/us-central1/builds/b543967b-d304-430d-8839-4c8042998e84"}}
[debug] [2021-08-21T12:16:58.225Z] Got sourceToken 728ab158-634f-4ed1-9b6c-d893c9966c80 for region us-central1
[info] i  functions: updating Node.js 14 function removeFollowing(us-central1)... 
[debug] [2021-08-21T12:16:58.226Z] > refreshing access token with scopes: ["email","https://www.googleapis.com/auth/cloud-platform","https://www.googleapis.com/auth/cloudplatformprojects.readonly","https://www.googleapis.com/auth/firebase","openid"]
[debug] [2021-08-21T12:16:58.226Z] >>> HTTP REQUEST POST https://www.googleapis.com/oauth2/v3/token  
 <request body omitted>
[info] i  functions: updating Node.js 14 function eventUpdated(us-central1)... 
[debug] [2021-08-21T12:16:58.227Z] > refreshing access token with scopes: ["email","https://www.googleapis.com/auth/cloud-platform","https://www.googleapis.com/auth/cloudplatformprojects.readonly","https://www.googleapis.com/auth/firebase","openid"]
[debug] [2021-08-21T12:16:58.227Z] >>> HTTP REQUEST POST https://www.googleapis.com/oauth2/v3/token  
 <request body omitted>
[debug] [2021-08-21T12:16:58.748Z] <<< HTTP RESPONSE 200 {"pragma":"no-cache","date":"Sat, 21 Aug 2021 12:16:58 GMT","expires":"Mon, 01 Jan 1990 00:00:00 GMT","cache-control":"no-cache, no-store, max-age=0, must-revalidate","content-type":"application/json; charset=utf-8","vary":"X-Origin, Referer, Origin,Accept-Encoding","server":"scaffolding on HTTPServer2","x-xss-protection":"0","x-frame-options":"SAMEORIGIN","x-content-type-options":"nosniff","alt-svc":"h3=\":443\"; ma=2592000,h3-29=\":443\"; ma=2592000,h3-T051=\":443\"; ma=2592000,h3-Q050=\":443\"; ma=2592000,h3-Q046=\":443\"; ma=2592000,h3-Q043=\":443\"; ma=2592000,quic=\":443\"; ma=2592000; v=\"46,43\"","accept-ranges":"none","transfer-encoding":"chunked"}
[debug] [2021-08-21T12:16:58.758Z] >>> HTTP REQUEST PATCH https://cloudfunctions.googleapis.com/v1/projects/eaavents/locations/us-central1/functions/removeFollowing {"updateMask":"name,sourceUploadUrl,entryPoint,runtime,eventTrigger.eventType,eventTrigger.resource,eventTrigger.failurePolicy,labels,environmentVariables,sourceToken"} 
 {"name":"projects/eaavents/locations/us-central1/functions/removeFollowing","sourceUploadUrl":"https://storage.googleapis.com/gcf-upload-us-central1-179de015-6124-413a-ba51-c9ebee5be2f4/e078d35a-ae7c-480e-91cb-b48709b41354.zip?GoogleAccessId=service-456181188536@gcf-admin-robot.iam.gserviceaccount.com&Expires=1629549908&Signature=E%2FqExae9zQYVcQnDlALVKYU0wFZRmJ0%2BFDkRxh1jfBVFYvtFUgpy86TXvmjbAaD%2BFDjiJcCI3fGkoDdV0eqZpcTms8E02t%2BDPWwZzGHVstKX8QxVUdxGRpzRsAPbCLYb8BruCSC1fvDZ2oNRl55QuAC%2BCSsIGzy82TD3fsbTmDmJ0V5oQP7vIdmfL8dl9gXb6bMr%2BiKsaKvP0vgO5BQBCP1cwT9cVQy5QmOPHqziBq73It4%2BsBY%2B%2FKeZi7%2BYWJkqGNhLnWXOgYSfUd3%2BQlE08UnC%2BoTkfvPB2eUtKg00JH68CaKP4mpkwM81RiIKvppdik07hQBSjRMrvQLYLan3gA%3D%3D","entryPoint":"removeFollowing","runtime":"nodejs14","eventTrigger":{"eventType":"providers/cloud.firestore/eventTypes/document.delete","resource":"projects/eaavents/databases/(default)/documents/following/{userUid}/userFollowing/{profileId}"},"labels":{"deployment-tool":"cli-firebase"},"environmentVariables":{"FIREBASE_CONFIG":"{\"projectId\":\"eaavents\",\"databaseURL\":\"https://eaavents-default-rtdb.firebaseio.com\",\"storageBucket\":\"eaavents.appspot.com\",\"locationId\":\"us-central\"}","GCLOUD_PROJECT":"eaavents"},"sourceToken":"728ab158-634f-4ed1-9b6c-d893c9966c80"}
[debug] [2021-08-21T12:16:58.760Z] <<< HTTP RESPONSE 200 {"date":"Sat, 21 Aug 2021 12:16:58 GMT","expires":"Mon, 01 Jan 1990 00:00:00 GMT","pragma":"no-cache","cache-control":"no-cache, no-store, max-age=0, must-revalidate","content-type":"application/json; charset=utf-8","vary":"X-Origin, Referer, Origin,Accept-Encoding","server":"scaffolding on HTTPServer2","x-xss-protection":"0","x-frame-options":"SAMEORIGIN","x-content-type-options":"nosniff","alt-svc":"h3=\":443\"; ma=2592000,h3-29=\":443\"; ma=2592000,h3-T051=\":443\"; ma=2592000,h3-Q050=\":443\"; ma=2592000,h3-Q046=\":443\"; ma=2592000,h3-Q043=\":443\"; ma=2592000,quic=\":443\"; ma=2592000; v=\"46,43\"","accept-ranges":"none","transfer-encoding":"chunked"}
[debug] [2021-08-21T12:16:58.769Z] >>> HTTP REQUEST PATCH https://cloudfunctions.googleapis.com/v1/projects/eaavents/locations/us-central1/functions/eventUpdated {"updateMask":"name,sourceUploadUrl,entryPoint,runtime,eventTrigger.eventType,eventTrigger.resource,eventTrigger.failurePolicy,labels,environmentVariables,sourceToken"} 
 {"name":"projects/eaavents/locations/us-central1/functions/eventUpdated","sourceUploadUrl":"https://storage.googleapis.com/gcf-upload-us-central1-179de015-6124-413a-ba51-c9ebee5be2f4/e078d35a-ae7c-480e-91cb-b48709b41354.zip?GoogleAccessId=service-456181188536@gcf-admin-robot.iam.gserviceaccount.com&Expires=1629549908&Signature=E%2FqExae9zQYVcQnDlALVKYU0wFZRmJ0%2BFDkRxh1jfBVFYvtFUgpy86TXvmjbAaD%2BFDjiJcCI3fGkoDdV0eqZpcTms8E02t%2BDPWwZzGHVstKX8QxVUdxGRpzRsAPbCLYb8BruCSC1fvDZ2oNRl55QuAC%2BCSsIGzy82TD3fsbTmDmJ0V5oQP7vIdmfL8dl9gXb6bMr%2BiKsaKvP0vgO5BQBCP1cwT9cVQy5QmOPHqziBq73It4%2BsBY%2B%2FKeZi7%2BYWJkqGNhLnWXOgYSfUd3%2BQlE08UnC%2BoTkfvPB2eUtKg00JH68CaKP4mpkwM81RiIKvppdik07hQBSjRMrvQLYLan3gA%3D%3D","entryPoint":"eventUpdated","runtime":"nodejs14","eventTrigger":{"eventType":"providers/cloud.firestore/eventTypes/document.update","resource":"projects/eaavents/databases/(default)/documents/events/{eventId}"},"labels":{"deployment-tool":"cli-firebase"},"environmentVariables":{"FIREBASE_CONFIG":"{\"projectId\":\"eaavents\",\"databaseURL\":\"https://eaavents-default-rtdb.firebaseio.com\",\"storageBucket\":\"eaavents.appspot.com\",\"locationId\":\"us-central\"}","GCLOUD_PROJECT":"eaavents"},"sourceToken":"728ab158-634f-4ed1-9b6c-d893c9966c80"}
[debug] [2021-08-21T12:16:59.553Z] <<< HTTP RESPONSE 200 {"content-type":"application/json; charset=UTF-8","vary":"X-Origin, Referer, Origin,Accept-Encoding","date":"Sat, 21 Aug 2021 12:16:59 GMT","server":"ESF","cache-control":"private","x-xss-protection":"0","x-frame-options":"SAMEORIGIN","x-content-type-options":"nosniff","alt-svc":"h3=\":443\"; ma=2592000,h3-29=\":443\"; ma=2592000,h3-T051=\":443\"; ma=2592000,h3-Q050=\":443\"; ma=2592000,h3-Q046=\":443\"; ma=2592000,h3-Q043=\":443\"; ma=2592000,quic=\":443\"; ma=2592000; v=\"46,43\"","accept-ranges":"none","transfer-encoding":"chunked"}
[debug] [2021-08-21T12:16:59.557Z] > refreshing access token with scopes: []
[debug] [2021-08-21T12:16:59.557Z] >>> HTTP REQUEST POST https://www.googleapis.com/oauth2/v3/token  
 <request body omitted>
[debug] [2021-08-21T12:16:59.574Z] <<< HTTP RESPONSE 200 {"content-type":"application/json; charset=UTF-8","vary":"X-Origin, Referer, Origin,Accept-Encoding","date":"Sat, 21 Aug 2021 12:16:59 GMT","server":"ESF","cache-control":"private","x-xss-protection":"0","x-frame-options":"SAMEORIGIN","x-content-type-options":"nosniff","alt-svc":"h3=\":443\"; ma=2592000,h3-29=\":443\"; ma=2592000,h3-T051=\":443\"; ma=2592000,h3-Q050=\":443\"; ma=2592000,h3-Q046=\":443\"; ma=2592000,h3-Q043=\":443\"; ma=2592000,quic=\":443\"; ma=2592000; v=\"46,43\"","accept-ranges":"none","transfer-encoding":"chunked"}
[debug] [2021-08-21T12:16:59.574Z] > refreshing access token with scopes: []
[debug] [2021-08-21T12:16:59.574Z] >>> HTTP REQUEST POST https://www.googleapis.com/oauth2/v3/token  
 <request body omitted>
[debug] [2021-08-21T12:17:00.145Z] <<< HTTP RESPONSE 200 {"pragma":"no-cache","expires":"Mon, 01 Jan 1990 00:00:00 GMT","date":"Sat, 21 Aug 2021 12:16:59 GMT","cache-control":"no-cache, no-store, max-age=0, must-revalidate","content-type":"application/json; charset=utf-8","vary":"X-Origin, Referer, Origin,Accept-Encoding","server":"scaffolding on HTTPServer2","x-xss-protection":"0","x-frame-options":"SAMEORIGIN","x-content-type-options":"nosniff","alt-svc":"h3=\":443\"; ma=2592000,h3-29=\":443\"; ma=2592000,h3-T051=\":443\"; ma=2592000,h3-Q050=\":443\"; ma=2592000,h3-Q046=\":443\"; ma=2592000,h3-Q043=\":443\"; ma=2592000,quic=\":443\"; ma=2592000; v=\"46,43\"","accept-ranges":"none","transfer-encoding":"chunked"}
[debug] [2021-08-21T12:17:00.153Z] >>> [apiv2][query] GET https://cloudfunctions.googleapis.com/v1/operations/ZWFhdmVudHMvdXMtY2VudHJhbDEvcmVtb3ZlRm9sbG93aW5nL3M5NWMzWkc2cUxn [none]
[debug] [2021-08-21T12:17:00.172Z] <<< HTTP RESPONSE 200 {"cache-control":"no-cache, no-store, max-age=0, must-revalidate","pragma":"no-cache","expires":"Mon, 01 Jan 1990 00:00:00 GMT","date":"Sat, 21 Aug 2021 12:16:59 GMT","content-type":"application/json; charset=utf-8","vary":"X-Origin, Referer, Origin,Accept-Encoding","server":"scaffolding on HTTPServer2","x-xss-protection":"0","x-frame-options":"SAMEORIGIN","x-content-type-options":"nosniff","alt-svc":"h3=\":443\"; ma=2592000,h3-29=\":443\"; ma=2592000,h3-T051=\":443\"; ma=2592000,h3-Q050=\":443\"; ma=2592000,h3-Q046=\":443\"; ma=2592000,h3-Q043=\":443\"; ma=2592000,quic=\":443\"; ma=2592000; v=\"46,43\"","accept-ranges":"none","transfer-encoding":"chunked"}
[debug] [2021-08-21T12:17:00.180Z] >>> [apiv2][query] GET https://cloudfunctions.googleapis.com/v1/operations/ZWFhdmVudHMvdXMtY2VudHJhbDEvZXZlbnRVcGRhdGVkL1ZCZi02REhQQWRn [none]
[debug] [2021-08-21T12:17:00.970Z] <<< [apiv2][status] GET https://cloudfunctions.googleapis.com/v1/operations/ZWFhdmVudHMvdXMtY2VudHJhbDEvcmVtb3ZlRm9sbG93aW5nL3M5NWMzWkc2cUxn 200
[debug] [2021-08-21T12:17:00.970Z] <<< [apiv2][body] GET https://cloudfunctions.googleapis.com/v1/operations/ZWFhdmVudHMvdXMtY2VudHJhbDEvcmVtb3ZlRm9sbG93aW5nL3M5NWMzWkc2cUxn {"name":"operations/ZWFhdmVudHMvdXMtY2VudHJhbDEvcmVtb3ZlRm9sbG93aW5nL3M5NWMzWkc2cUxn","metadata":{"@type":"type.googleapis.com/google.cloud.functions.v1.OperationMetadataV1","target":"projects/eaavents/locations/us-central1/functions/removeFollowing","type":"UPDATE_FUNCTION","request":{"@type":"type.googleapis.com/google.cloud.functions.v1.CloudFunction","name":"projects/eaavents/locations/us-central1/functions/removeFollowing","eventTrigger":{"eventType":"providers/cloud.firestore/eventTypes/document.delete","resource":"projects/eaavents/databases/(default)/documents/following/{userUid}/userFollowing/{profileId}","service":"firestore.googleapis.com"},"status":"ACTIVE","entryPoint":"removeFollowing","timeout":"60s","availableMemoryMb":256,"serviceAccountEmail":"eaavents@appspot.gserviceaccount.com","updateTime":"2021-08-21T11:41:08.775Z","versionId":"6","labels":{"deployment-tool":"cli-firebase"},"sourceUploadUrl":"https://storage.googleapis.com/gcf-upload-us-central1-179de015-6124-413a-ba51-c9ebee5be2f4/e078d35a-ae7c-480e-91cb-b48709b41354.zip?GoogleAccessId=service-456181188536@gcf-admin-robot.iam.gserviceaccount.com&Expires=1629549908&Signature=E%2FqExae9zQYVcQnDlALVKYU0wFZRmJ0%2BFDkRxh1jfBVFYvtFUgpy86TXvmjbAaD%2BFDjiJcCI3fGkoDdV0eqZpcTms8E02t%2BDPWwZzGHVstKX8QxVUdxGRpzRsAPbCLYb8BruCSC1fvDZ2oNRl55QuAC%2BCSsIGzy82TD3fsbTmDmJ0V5oQP7vIdmfL8dl9gXb6bMr%2BiKsaKvP0vgO5BQBCP1cwT9cVQy5QmOPHqziBq73It4%2BsBY%2B%2FKeZi7%2BYWJkqGNhLnWXOgYSfUd3%2BQlE08UnC%2BoTkfvPB2eUtKg00JH68CaKP4mpkwM81RiIKvppdik07hQBSjRMrvQLYLan3gA%3D%3D","environmentVariables":{"FIREBASE_CONFIG":"{\"projectId\":\"eaavents\",\"databaseURL\":\"https://eaavents-default-rtdb.firebaseio.com\",\"storageBucket\":\"eaavents.appspot.com\",\"locationId\":\"us-central\"}","GCLOUD_PROJECT":"eaavents"},"runtime":"nodejs14","ingressSettings":"ALLOW_ALL","buildId":"e6d2ba2f-77bd-4ddc-b4f7-1bb674f7d121","sourceToken":"728ab158-634f-4ed1-9b6c-d893c9966c80","buildName":"projects/456181188536/locations/us-central1/builds/e6d2ba2f-77bd-4ddc-b4f7-1bb674f7d121"},"versionId":"7","updateTime":"2021-08-21T12:16:59Z","sourceToken":"728ab158-634f-4ed1-9b6c-d893c9966c80","buildName":"projects/456181188536/locations/us-central1/builds/e6d2ba2f-77bd-4ddc-b4f7-1bb674f7d121"}}
[debug] [2021-08-21T12:17:00.970Z] Got sourceToken 728ab158-634f-4ed1-9b6c-d893c9966c80 for region us-central1
[debug] [2021-08-21T12:17:01.024Z] <<< [apiv2][status] GET https://cloudfunctions.googleapis.com/v1/operations/ZWFhdmVudHMvdXMtY2VudHJhbDEvZXZlbnRVcGRhdGVkL1ZCZi02REhQQWRn 200
[debug] [2021-08-21T12:17:01.024Z] <<< [apiv2][body] GET https://cloudfunctions.googleapis.com/v1/operations/ZWFhdmVudHMvdXMtY2VudHJhbDEvZXZlbnRVcGRhdGVkL1ZCZi02REhQQWRn {"name":"operations/ZWFhdmVudHMvdXMtY2VudHJhbDEvZXZlbnRVcGRhdGVkL1ZCZi02REhQQWRn","metadata":{"@type":"type.googleapis.com/google.cloud.functions.v1.OperationMetadataV1","target":"projects/eaavents/locations/us-central1/functions/eventUpdated","type":"UPDATE_FUNCTION","request":{"@type":"type.googleapis.com/google.cloud.functions.v1.CloudFunction","name":"projects/eaavents/locations/us-central1/functions/eventUpdated","eventTrigger":{"eventType":"providers/cloud.firestore/eventTypes/document.update","resource":"projects/eaavents/databases/(default)/documents/events/{eventId}","service":"firestore.googleapis.com"},"status":"ACTIVE","entryPoint":"eventUpdated","timeout":"60s","availableMemoryMb":256,"serviceAccountEmail":"eaavents@appspot.gserviceaccount.com","updateTime":"2021-08-21T11:41:05.612Z","versionId":"2","labels":{"deployment-tool":"cli-firebase"},"sourceUploadUrl":"https://storage.googleapis.com/gcf-upload-us-central1-179de015-6124-413a-ba51-c9ebee5be2f4/e078d35a-ae7c-480e-91cb-b48709b41354.zip?GoogleAccessId=service-456181188536@gcf-admin-robot.iam.gserviceaccount.com&Expires=1629549908&Signature=E%2FqExae9zQYVcQnDlALVKYU0wFZRmJ0%2BFDkRxh1jfBVFYvtFUgpy86TXvmjbAaD%2BFDjiJcCI3fGkoDdV0eqZpcTms8E02t%2BDPWwZzGHVstKX8QxVUdxGRpzRsAPbCLYb8BruCSC1fvDZ2oNRl55QuAC%2BCSsIGzy82TD3fsbTmDmJ0V5oQP7vIdmfL8dl9gXb6bMr%2BiKsaKvP0vgO5BQBCP1cwT9cVQy5QmOPHqziBq73It4%2BsBY%2B%2FKeZi7%2BYWJkqGNhLnWXOgYSfUd3%2BQlE08UnC%2BoTkfvPB2eUtKg00JH68CaKP4mpkwM81RiIKvppdik07hQBSjRMrvQLYLan3gA%3D%3D","environmentVariables":{"FIREBASE_CONFIG":"{\"projectId\":\"eaavents\",\"databaseURL\":\"https://eaavents-default-rtdb.firebaseio.com\",\"storageBucket\":\"eaavents.appspot.com\",\"locationId\":\"us-central\"}","GCLOUD_PROJECT":"eaavents"},"runtime":"nodejs14","ingressSettings":"ALLOW_ALL","buildId":"e6d2ba2f-77bd-4ddc-b4f7-1bb674f7d121","sourceToken":"728ab158-634f-4ed1-9b6c-d893c9966c80","buildName":"projects/456181188536/locations/us-central1/builds/e6d2ba2f-77bd-4ddc-b4f7-1bb674f7d121"},"versionId":"3","updateTime":"2021-08-21T12:16:59Z","sourceToken":"728ab158-634f-4ed1-9b6c-d893c9966c80","buildName":"projects/456181188536/locations/us-central1/builds/e6d2ba2f-77bd-4ddc-b4f7-1bb674f7d121"}}
[debug] [2021-08-21T12:17:01.025Z] Got sourceToken 728ab158-634f-4ed1-9b6c-d893c9966c80 for region us-central1
[debug] [2021-08-21T12:17:01.483Z] [update-projects/eaavents/locations/us-central1/functions/removeFollowing] Retrying task index 0
[debug] [2021-08-21T12:17:01.483Z] >>> [apiv2][query] GET https://cloudfunctions.googleapis.com/v1/operations/ZWFhdmVudHMvdXMtY2VudHJhbDEvcmVtb3ZlRm9sbG93aW5nL3M5NWMzWkc2cUxn [none]
[debug] [2021-08-21T12:17:01.530Z] [update-projects/eaavents/locations/us-central1/functions/eventUpdated] Retrying task index 0
[debug] [2021-08-21T12:17:01.530Z] >>> [apiv2][query] GET https://cloudfunctions.googleapis.com/v1/operations/ZWFhdmVudHMvdXMtY2VudHJhbDEvZXZlbnRVcGRhdGVkL1ZCZi02REhQQWRn [none]
[debug] [2021-08-21T12:17:02.449Z] <<< [apiv2][status] GET https://cloudfunctions.googleapis.com/v1/operations/ZWFhdmVudHMvdXMtY2VudHJhbDEvcmVtb3ZlRm9sbG93aW5nL3M5NWMzWkc2cUxn 200
[debug] [2021-08-21T12:17:02.449Z] <<< [apiv2][body] GET https://cloudfunctions.googleapis.com/v1/operations/ZWFhdmVudHMvdXMtY2VudHJhbDEvcmVtb3ZlRm9sbG93aW5nL3M5NWMzWkc2cUxn {"name":"operations/ZWFhdmVudHMvdXMtY2VudHJhbDEvcmVtb3ZlRm9sbG93aW5nL3M5NWMzWkc2cUxn","metadata":{"@type":"type.googleapis.com/google.cloud.functions.v1.OperationMetadataV1","target":"projects/eaavents/locations/us-central1/functions/removeFollowing","type":"UPDATE_FUNCTION","request":{"@type":"type.googleapis.com/google.cloud.functions.v1.CloudFunction","name":"projects/eaavents/locations/us-central1/functions/removeFollowing","eventTrigger":{"eventType":"providers/cloud.firestore/eventTypes/document.delete","resource":"projects/eaavents/databases/(default)/documents/following/{userUid}/userFollowing/{profileId}","service":"firestore.googleapis.com"},"status":"ACTIVE","entryPoint":"removeFollowing","timeout":"60s","availableMemoryMb":256,"serviceAccountEmail":"eaavents@appspot.gserviceaccount.com","updateTime":"2021-08-21T11:41:08.775Z","versionId":"6","labels":{"deployment-tool":"cli-firebase"},"sourceUploadUrl":"https://storage.googleapis.com/gcf-upload-us-central1-179de015-6124-413a-ba51-c9ebee5be2f4/e078d35a-ae7c-480e-91cb-b48709b41354.zip?GoogleAccessId=service-456181188536@gcf-admin-robot.iam.gserviceaccount.com&Expires=1629549908&Signature=E%2FqExae9zQYVcQnDlALVKYU0wFZRmJ0%2BFDkRxh1jfBVFYvtFUgpy86TXvmjbAaD%2BFDjiJcCI3fGkoDdV0eqZpcTms8E02t%2BDPWwZzGHVstKX8QxVUdxGRpzRsAPbCLYb8BruCSC1fvDZ2oNRl55QuAC%2BCSsIGzy82TD3fsbTmDmJ0V5oQP7vIdmfL8dl9gXb6bMr%2BiKsaKvP0vgO5BQBCP1cwT9cVQy5QmOPHqziBq73It4%2BsBY%2B%2FKeZi7%2BYWJkqGNhLnWXOgYSfUd3%2BQlE08UnC%2BoTkfvPB2eUtKg00JH68CaKP4mpkwM81RiIKvppdik07hQBSjRMrvQLYLan3gA%3D%3D","environmentVariables":{"FIREBASE_CONFIG":"{\"projectId\":\"eaavents\",\"databaseURL\":\"https://eaavents-default-rtdb.firebaseio.com\",\"storageBucket\":\"eaavents.appspot.com\",\"locationId\":\"us-central\"}","GCLOUD_PROJECT":"eaavents"},"runtime":"nodejs14","ingressSettings":"ALLOW_ALL","buildId":"e6d2ba2f-77bd-4ddc-b4f7-1bb674f7d121","sourceToken":"728ab158-634f-4ed1-9b6c-d893c9966c80","buildName":"projects/456181188536/locations/us-central1/builds/e6d2ba2f-77bd-4ddc-b4f7-1bb674f7d121"},"versionId":"7","updateTime":"2021-08-21T12:16:59Z","sourceToken":"728ab158-634f-4ed1-9b6c-d893c9966c80","buildName":"projects/456181188536/locations/us-central1/builds/e6d2ba2f-77bd-4ddc-b4f7-1bb674f7d121"}}
[debug] [2021-08-21T12:17:02.449Z] Got sourceToken 728ab158-634f-4ed1-9b6c-d893c9966c80 for region us-central1
[debug] [2021-08-21T12:17:02.491Z] <<< [apiv2][status] GET https://cloudfunctions.googleapis.com/v1/operations/ZWFhdmVudHMvdXMtY2VudHJhbDEvZXZlbnRVcGRhdGVkL1ZCZi02REhQQWRn 200
[debug] [2021-08-21T12:17:02.491Z] <<< [apiv2][body] GET https://cloudfunctions.googleapis.com/v1/operations/ZWFhdmVudHMvdXMtY2VudHJhbDEvZXZlbnRVcGRhdGVkL1ZCZi02REhQQWRn {"name":"operations/ZWFhdmVudHMvdXMtY2VudHJhbDEvZXZlbnRVcGRhdGVkL1ZCZi02REhQQWRn","metadata":{"@type":"type.googleapis.com/google.cloud.functions.v1.OperationMetadataV1","target":"projects/eaavents/locations/us-central1/functions/eventUpdated","type":"UPDATE_FUNCTION","request":{"@type":"type.googleapis.com/google.cloud.functions.v1.CloudFunction","name":"projects/eaavents/locations/us-central1/functions/eventUpdated","eventTrigger":{"eventType":"providers/cloud.firestore/eventTypes/document.update","resource":"projects/eaavents/databases/(default)/documents/events/{eventId}","service":"firestore.googleapis.com"},"status":"ACTIVE","entryPoint":"eventUpdated","timeout":"60s","availableMemoryMb":256,"serviceAccountEmail":"eaavents@appspot.gserviceaccount.com","updateTime":"2021-08-21T11:41:05.612Z","versionId":"2","labels":{"deployment-tool":"cli-firebase"},"sourceUploadUrl":"https://storage.googleapis.com/gcf-upload-us-central1-179de015-6124-413a-ba51-c9ebee5be2f4/e078d35a-ae7c-480e-91cb-b48709b41354.zip?GoogleAccessId=service-456181188536@gcf-admin-robot.iam.gserviceaccount.com&Expires=1629549908&Signature=E%2FqExae9zQYVcQnDlALVKYU0wFZRmJ0%2BFDkRxh1jfBVFYvtFUgpy86TXvmjbAaD%2BFDjiJcCI3fGkoDdV0eqZpcTms8E02t%2BDPWwZzGHVstKX8QxVUdxGRpzRsAPbCLYb8BruCSC1fvDZ2oNRl55QuAC%2BCSsIGzy82TD3fsbTmDmJ0V5oQP7vIdmfL8dl9gXb6bMr%2BiKsaKvP0vgO5BQBCP1cwT9cVQy5QmOPHqziBq73It4%2BsBY%2B%2FKeZi7%2BYWJkqGNhLnWXOgYSfUd3%2BQlE08UnC%2BoTkfvPB2eUtKg00JH68CaKP4mpkwM81RiIKvppdik07hQBSjRMrvQLYLan3gA%3D%3D","environmentVariables":{"FIREBASE_CONFIG":"{\"projectId\":\"eaavents\",\"databaseURL\":\"https://eaavents-default-rtdb.firebaseio.com\",\"storageBucket\":\"eaavents.appspot.com\",\"locationId\":\"us-central\"}","GCLOUD_PROJECT":"eaavents"},"runtime":"nodejs14","ingressSettings":"ALLOW_ALL","buildId":"e6d2ba2f-77bd-4ddc-b4f7-1bb674f7d121","sourceToken":"728ab158-634f-4ed1-9b6c-d893c9966c80","buildName":"projects/456181188536/locations/us-central1/builds/e6d2ba2f-77bd-4ddc-b4f7-1bb674f7d121"},"versionId":"3","updateTime":"2021-08-21T12:16:59Z","sourceToken":"728ab158-634f-4ed1-9b6c-d893c9966c80","buildName":"projects/456181188536/locations/us-central1/builds/e6d2ba2f-77bd-4ddc-b4f7-1bb674f7d121"}}
[debug] [2021-08-21T12:17:02.491Z] Got sourceToken 728ab158-634f-4ed1-9b6c-d893c9966c80 for region us-central1
[debug] [2021-08-21T12:17:03.457Z] [update-projects/eaavents/locations/us-central1/functions/removeFollowing] Retrying task index 0
[debug] [2021-08-21T12:17:03.457Z] >>> [apiv2][query] GET https://cloudfunctions.googleapis.com/v1/operations/ZWFhdmVudHMvdXMtY2VudHJhbDEvcmVtb3ZlRm9sbG93aW5nL3M5NWMzWkc2cUxn [none]
[debug] [2021-08-21T12:17:03.502Z] [update-projects/eaavents/locations/us-central1/functions/eventUpdated] Retrying task index 0
[debug] [2021-08-21T12:17:03.503Z] >>> [apiv2][query] GET https://cloudfunctions.googleapis.com/v1/operations/ZWFhdmVudHMvdXMtY2VudHJhbDEvZXZlbnRVcGRhdGVkL1ZCZi02REhQQWRn [none]
[debug] [2021-08-21T12:17:04.396Z] <<< [apiv2][status] GET https://cloudfunctions.googleapis.com/v1/operations/ZWFhdmVudHMvdXMtY2VudHJhbDEvcmVtb3ZlRm9sbG93aW5nL3M5NWMzWkc2cUxn 200
[debug] [2021-08-21T12:17:04.397Z] <<< [apiv2][body] GET https://cloudfunctions.googleapis.com/v1/operations/ZWFhdmVudHMvdXMtY2VudHJhbDEvcmVtb3ZlRm9sbG93aW5nL3M5NWMzWkc2cUxn {"name":"operations/ZWFhdmVudHMvdXMtY2VudHJhbDEvcmVtb3ZlRm9sbG93aW5nL3M5NWMzWkc2cUxn","metadata":{"@type":"type.googleapis.com/google.cloud.functions.v1.OperationMetadataV1","target":"projects/eaavents/locations/us-central1/functions/removeFollowing","type":"UPDATE_FUNCTION","request":{"@type":"type.googleapis.com/google.cloud.functions.v1.CloudFunction","name":"projects/eaavents/locations/us-central1/functions/removeFollowing","eventTrigger":{"eventType":"providers/cloud.firestore/eventTypes/document.delete","resource":"projects/eaavents/databases/(default)/documents/following/{userUid}/userFollowing/{profileId}","service":"firestore.googleapis.com"},"status":"ACTIVE","entryPoint":"removeFollowing","timeout":"60s","availableMemoryMb":256,"serviceAccountEmail":"eaavents@appspot.gserviceaccount.com","updateTime":"2021-08-21T11:41:08.775Z","versionId":"6","labels":{"deployment-tool":"cli-firebase"},"sourceUploadUrl":"https://storage.googleapis.com/gcf-upload-us-central1-179de015-6124-413a-ba51-c9ebee5be2f4/e078d35a-ae7c-480e-91cb-b48709b41354.zip?GoogleAccessId=service-456181188536@gcf-admin-robot.iam.gserviceaccount.com&Expires=1629549908&Signature=E%2FqExae9zQYVcQnDlALVKYU0wFZRmJ0%2BFDkRxh1jfBVFYvtFUgpy86TXvmjbAaD%2BFDjiJcCI3fGkoDdV0eqZpcTms8E02t%2BDPWwZzGHVstKX8QxVUdxGRpzRsAPbCLYb8BruCSC1fvDZ2oNRl55QuAC%2BCSsIGzy82TD3fsbTmDmJ0V5oQP7vIdmfL8dl9gXb6bMr%2BiKsaKvP0vgO5BQBCP1cwT9cVQy5QmOPHqziBq73It4%2BsBY%2B%2FKeZi7%2BYWJkqGNhLnWXOgYSfUd3%2BQlE08UnC%2BoTkfvPB2eUtKg00JH68CaKP4mpkwM81RiIKvppdik07hQBSjRMrvQLYLan3gA%3D%3D","environmentVariables":{"FIREBASE_CONFIG":"{\"projectId\":\"eaavents\",\"databaseURL\":\"https://eaavents-default-rtdb.firebaseio.com\",\"storageBucket\":\"eaavents.appspot.com\",\"locationId\":\"us-central\"}","GCLOUD_PROJECT":"eaavents"},"runtime":"nodejs14","ingressSettings":"ALLOW_ALL","buildId":"e6d2ba2f-77bd-4ddc-b4f7-1bb674f7d121","sourceToken":"728ab158-634f-4ed1-9b6c-d893c9966c80","buildName":"projects/456181188536/locations/us-central1/builds/e6d2ba2f-77bd-4ddc-b4f7-1bb674f7d121"},"versionId":"7","updateTime":"2021-08-21T12:16:59Z","buildId":"b543967b-d304-430d-8839-4c8042998e84","sourceToken":"728ab158-634f-4ed1-9b6c-d893c9966c80","buildName":"projects/456181188536/locations/us-central1/builds/b543967b-d304-430d-8839-4c8042998e84"}}
[debug] [2021-08-21T12:17:04.397Z] Got sourceToken 728ab158-634f-4ed1-9b6c-d893c9966c80 for region us-central1
[debug] [2021-08-21T12:17:04.436Z] <<< [apiv2][status] GET https://cloudfunctions.googleapis.com/v1/operations/ZWFhdmVudHMvdXMtY2VudHJhbDEvZXZlbnRVcGRhdGVkL1ZCZi02REhQQWRn 200
[debug] [2021-08-21T12:17:04.436Z] <<< [apiv2][body] GET https://cloudfunctions.googleapis.com/v1/operations/ZWFhdmVudHMvdXMtY2VudHJhbDEvZXZlbnRVcGRhdGVkL1ZCZi02REhQQWRn {"name":"operations/ZWFhdmVudHMvdXMtY2VudHJhbDEvZXZlbnRVcGRhdGVkL1ZCZi02REhQQWRn","metadata":{"@type":"type.googleapis.com/google.cloud.functions.v1.OperationMetadataV1","target":"projects/eaavents/locations/us-central1/functions/eventUpdated","type":"UPDATE_FUNCTION","request":{"@type":"type.googleapis.com/google.cloud.functions.v1.CloudFunction","name":"projects/eaavents/locations/us-central1/functions/eventUpdated","eventTrigger":{"eventType":"providers/cloud.firestore/eventTypes/document.update","resource":"projects/eaavents/databases/(default)/documents/events/{eventId}","service":"firestore.googleapis.com"},"status":"ACTIVE","entryPoint":"eventUpdated","timeout":"60s","availableMemoryMb":256,"serviceAccountEmail":"eaavents@appspot.gserviceaccount.com","updateTime":"2021-08-21T11:41:05.612Z","versionId":"2","labels":{"deployment-tool":"cli-firebase"},"sourceUploadUrl":"https://storage.googleapis.com/gcf-upload-us-central1-179de015-6124-413a-ba51-c9ebee5be2f4/e078d35a-ae7c-480e-91cb-b48709b41354.zip?GoogleAccessId=service-456181188536@gcf-admin-robot.iam.gserviceaccount.com&Expires=1629549908&Signature=E%2FqExae9zQYVcQnDlALVKYU0wFZRmJ0%2BFDkRxh1jfBVFYvtFUgpy86TXvmjbAaD%2BFDjiJcCI3fGkoDdV0eqZpcTms8E02t%2BDPWwZzGHVstKX8QxVUdxGRpzRsAPbCLYb8BruCSC1fvDZ2oNRl55QuAC%2BCSsIGzy82TD3fsbTmDmJ0V5oQP7vIdmfL8dl9gXb6bMr%2BiKsaKvP0vgO5BQBCP1cwT9cVQy5QmOPHqziBq73It4%2BsBY%2B%2FKeZi7%2BYWJkqGNhLnWXOgYSfUd3%2BQlE08UnC%2BoTkfvPB2eUtKg00JH68CaKP4mpkwM81RiIKvppdik07hQBSjRMrvQLYLan3gA%3D%3D","environmentVariables":{"FIREBASE_CONFIG":"{\"projectId\":\"eaavents\",\"databaseURL\":\"https://eaavents-default-rtdb.firebaseio.com\",\"storageBucket\":\"eaavents.appspot.com\",\"locationId\":\"us-central\"}","GCLOUD_PROJECT":"eaavents"},"runtime":"nodejs14","ingressSettings":"ALLOW_ALL","buildId":"e6d2ba2f-77bd-4ddc-b4f7-1bb674f7d121","sourceToken":"728ab158-634f-4ed1-9b6c-d893c9966c80","buildName":"projects/456181188536/locations/us-central1/builds/e6d2ba2f-77bd-4ddc-b4f7-1bb674f7d121"},"versionId":"3","updateTime":"2021-08-21T12:16:59Z","buildId":"b543967b-d304-430d-8839-4c8042998e84","sourceToken":"728ab158-634f-4ed1-9b6c-d893c9966c80","buildName":"projects/456181188536/locations/us-central1/builds/b543967b-d304-430d-8839-4c8042998e84"}}
[debug] [2021-08-21T12:17:04.436Z] Got sourceToken 728ab158-634f-4ed1-9b6c-d893c9966c80 for region us-central1
[debug] [2021-08-21T12:17:06.405Z] [update-projects/eaavents/locations/us-central1/functions/removeFollowing] Retrying task index 0
[debug] [2021-08-21T12:17:06.406Z] >>> [apiv2][query] GET https://cloudfunctions.googleapis.com/v1/operations/ZWFhdmVudHMvdXMtY2VudHJhbDEvcmVtb3ZlRm9sbG93aW5nL3M5NWMzWkc2cUxn [none]
[debug] [2021-08-21T12:17:06.438Z] [update-projects/eaavents/locations/us-central1/functions/eventUpdated] Retrying task index 0
[debug] [2021-08-21T12:17:06.439Z] >>> [apiv2][query] GET https://cloudfunctions.googleapis.com/v1/operations/ZWFhdmVudHMvdXMtY2VudHJhbDEvZXZlbnRVcGRhdGVkL1ZCZi02REhQQWRn [none]
[debug] [2021-08-21T12:17:07.377Z] <<< [apiv2][status] GET https://cloudfunctions.googleapis.com/v1/operations/ZWFhdmVudHMvdXMtY2VudHJhbDEvcmVtb3ZlRm9sbG93aW5nL3M5NWMzWkc2cUxn 200
[debug] [2021-08-21T12:17:07.378Z] <<< [apiv2][body] GET https://cloudfunctions.googleapis.com/v1/operations/ZWFhdmVudHMvdXMtY2VudHJhbDEvcmVtb3ZlRm9sbG93aW5nL3M5NWMzWkc2cUxn {"name":"operations/ZWFhdmVudHMvdXMtY2VudHJhbDEvcmVtb3ZlRm9sbG93aW5nL3M5NWMzWkc2cUxn","metadata":{"@type":"type.googleapis.com/google.cloud.functions.v1.OperationMetadataV1","target":"projects/eaavents/locations/us-central1/functions/removeFollowing","type":"UPDATE_FUNCTION","request":{"@type":"type.googleapis.com/google.cloud.functions.v1.CloudFunction","name":"projects/eaavents/locations/us-central1/functions/removeFollowing","eventTrigger":{"eventType":"providers/cloud.firestore/eventTypes/document.delete","resource":"projects/eaavents/databases/(default)/documents/following/{userUid}/userFollowing/{profileId}","service":"firestore.googleapis.com"},"status":"ACTIVE","entryPoint":"removeFollowing","timeout":"60s","availableMemoryMb":256,"serviceAccountEmail":"eaavents@appspot.gserviceaccount.com","updateTime":"2021-08-21T11:41:08.775Z","versionId":"6","labels":{"deployment-tool":"cli-firebase"},"sourceUploadUrl":"https://storage.googleapis.com/gcf-upload-us-central1-179de015-6124-413a-ba51-c9ebee5be2f4/e078d35a-ae7c-480e-91cb-b48709b41354.zip?GoogleAccessId=service-456181188536@gcf-admin-robot.iam.gserviceaccount.com&Expires=1629549908&Signature=E%2FqExae9zQYVcQnDlALVKYU0wFZRmJ0%2BFDkRxh1jfBVFYvtFUgpy86TXvmjbAaD%2BFDjiJcCI3fGkoDdV0eqZpcTms8E02t%2BDPWwZzGHVstKX8QxVUdxGRpzRsAPbCLYb8BruCSC1fvDZ2oNRl55QuAC%2BCSsIGzy82TD3fsbTmDmJ0V5oQP7vIdmfL8dl9gXb6bMr%2BiKsaKvP0vgO5BQBCP1cwT9cVQy5QmOPHqziBq73It4%2BsBY%2B%2FKeZi7%2BYWJkqGNhLnWXOgYSfUd3%2BQlE08UnC%2BoTkfvPB2eUtKg00JH68CaKP4mpkwM81RiIKvppdik07hQBSjRMrvQLYLan3gA%3D%3D","environmentVariables":{"FIREBASE_CONFIG":"{\"projectId\":\"eaavents\",\"databaseURL\":\"https://eaavents-default-rtdb.firebaseio.com\",\"storageBucket\":\"eaavents.appspot.com\",\"locationId\":\"us-central\"}","GCLOUD_PROJECT":"eaavents"},"runtime":"nodejs14","ingressSettings":"ALLOW_ALL","buildId":"e6d2ba2f-77bd-4ddc-b4f7-1bb674f7d121","sourceToken":"728ab158-634f-4ed1-9b6c-d893c9966c80","buildName":"projects/456181188536/locations/us-central1/builds/e6d2ba2f-77bd-4ddc-b4f7-1bb674f7d121"},"versionId":"7","updateTime":"2021-08-21T12:16:59Z","buildId":"b543967b-d304-430d-8839-4c8042998e84","sourceToken":"728ab158-634f-4ed1-9b6c-d893c9966c80","buildName":"projects/456181188536/locations/us-central1/builds/b543967b-d304-430d-8839-4c8042998e84"}}
[debug] [2021-08-21T12:17:07.378Z] Got sourceToken 728ab158-634f-4ed1-9b6c-d893c9966c80 for region us-central1
[debug] [2021-08-21T12:17:07.395Z] <<< [apiv2][status] GET https://cloudfunctions.googleapis.com/v1/operations/ZWFhdmVudHMvdXMtY2VudHJhbDEvZXZlbnRVcGRhdGVkL1ZCZi02REhQQWRn 200
[debug] [2021-08-21T12:17:07.395Z] <<< [apiv2][body] GET https://cloudfunctions.googleapis.com/v1/operations/ZWFhdmVudHMvdXMtY2VudHJhbDEvZXZlbnRVcGRhdGVkL1ZCZi02REhQQWRn {"name":"operations/ZWFhdmVudHMvdXMtY2VudHJhbDEvZXZlbnRVcGRhdGVkL1ZCZi02REhQQWRn","metadata":{"@type":"type.googleapis.com/google.cloud.functions.v1.OperationMetadataV1","target":"projects/eaavents/locations/us-central1/functions/eventUpdated","type":"UPDATE_FUNCTION","request":{"@type":"type.googleapis.com/google.cloud.functions.v1.CloudFunction","name":"projects/eaavents/locations/us-central1/functions/eventUpdated","eventTrigger":{"eventType":"providers/cloud.firestore/eventTypes/document.update","resource":"projects/eaavents/databases/(default)/documents/events/{eventId}","service":"firestore.googleapis.com"},"status":"ACTIVE","entryPoint":"eventUpdated","timeout":"60s","availableMemoryMb":256,"serviceAccountEmail":"eaavents@appspot.gserviceaccount.com","updateTime":"2021-08-21T11:41:05.612Z","versionId":"2","labels":{"deployment-tool":"cli-firebase"},"sourceUploadUrl":"https://storage.googleapis.com/gcf-upload-us-central1-179de015-6124-413a-ba51-c9ebee5be2f4/e078d35a-ae7c-480e-91cb-b48709b41354.zip?GoogleAccessId=service-456181188536@gcf-admin-robot.iam.gserviceaccount.com&Expires=1629549908&Signature=E%2FqExae9zQYVcQnDlALVKYU0wFZRmJ0%2BFDkRxh1jfBVFYvtFUgpy86TXvmjbAaD%2BFDjiJcCI3fGkoDdV0eqZpcTms8E02t%2BDPWwZzGHVstKX8QxVUdxGRpzRsAPbCLYb8BruCSC1fvDZ2oNRl55QuAC%2BCSsIGzy82TD3fsbTmDmJ0V5oQP7vIdmfL8dl9gXb6bMr%2BiKsaKvP0vgO5BQBCP1cwT9cVQy5QmOPHqziBq73It4%2BsBY%2B%2FKeZi7%2BYWJkqGNhLnWXOgYSfUd3%2BQlE08UnC%2BoTkfvPB2eUtKg00JH68CaKP4mpkwM81RiIKvppdik07hQBSjRMrvQLYLan3gA%3D%3D","environmentVariables":{"FIREBASE_CONFIG":"{\"projectId\":\"eaavents\",\"databaseURL\":\"https://eaavents-default-rtdb.firebaseio.com\",\"storageBucket\":\"eaavents.appspot.com\",\"locationId\":\"us-central\"}","GCLOUD_PROJECT":"eaavents"},"runtime":"nodejs14","ingressSettings":"ALLOW_ALL","buildId":"e6d2ba2f-77bd-4ddc-b4f7-1bb674f7d121","sourceToken":"728ab158-634f-4ed1-9b6c-d893c9966c80","buildName":"projects/456181188536/locations/us-central1/builds/e6d2ba2f-77bd-4ddc-b4f7-1bb674f7d121"},"versionId":"3","updateTime":"2021-08-21T12:16:59Z","buildId":"b543967b-d304-430d-8839-4c8042998e84","sourceToken":"728ab158-634f-4ed1-9b6c-d893c9966c80","buildName":"projects/456181188536/locations/us-central1/builds/b543967b-d304-430d-8839-4c8042998e84"}}
[debug] [2021-08-21T12:17:07.396Z] Got sourceToken 728ab158-634f-4ed1-9b6c-d893c9966c80 for region us-central1
[debug] [2021-08-21T12:17:11.392Z] [update-projects/eaavents/locations/us-central1/functions/removeFollowing] Retrying task index 0
[debug] [2021-08-21T12:17:11.392Z] >>> [apiv2][query] GET https://cloudfunctions.googleapis.com/v1/operations/ZWFhdmVudHMvdXMtY2VudHJhbDEvcmVtb3ZlRm9sbG93aW5nL3M5NWMzWkc2cUxn [none]
[debug] [2021-08-21T12:17:11.408Z] [update-projects/eaavents/locations/us-central1/functions/eventUpdated] Retrying task index 0
[debug] [2021-08-21T12:17:11.408Z] >>> [apiv2][query] GET https://cloudfunctions.googleapis.com/v1/operations/ZWFhdmVudHMvdXMtY2VudHJhbDEvZXZlbnRVcGRhdGVkL1ZCZi02REhQQWRn [none]
[debug] [2021-08-21T12:17:12.094Z] <<< [apiv2][status] GET https://cloudfunctions.googleapis.com/v1/operations/ZWFhdmVudHMvdXMtY2VudHJhbDEvcmVtb3ZlRm9sbG93aW5nL3M5NWMzWkc2cUxn 200
[debug] [2021-08-21T12:17:12.094Z] <<< [apiv2][body] GET https://cloudfunctions.googleapis.com/v1/operations/ZWFhdmVudHMvdXMtY2VudHJhbDEvcmVtb3ZlRm9sbG93aW5nL3M5NWMzWkc2cUxn {"name":"operations/ZWFhdmVudHMvdXMtY2VudHJhbDEvcmVtb3ZlRm9sbG93aW5nL3M5NWMzWkc2cUxn","metadata":{"@type":"type.googleapis.com/google.cloud.functions.v1.OperationMetadataV1","target":"projects/eaavents/locations/us-central1/functions/removeFollowing","type":"UPDATE_FUNCTION","request":{"@type":"type.googleapis.com/google.cloud.functions.v1.CloudFunction","name":"projects/eaavents/locations/us-central1/functions/removeFollowing","eventTrigger":{"eventType":"providers/cloud.firestore/eventTypes/document.delete","resource":"projects/eaavents/databases/(default)/documents/following/{userUid}/userFollowing/{profileId}","service":"firestore.googleapis.com"},"status":"ACTIVE","entryPoint":"removeFollowing","timeout":"60s","availableMemoryMb":256,"serviceAccountEmail":"eaavents@appspot.gserviceaccount.com","updateTime":"2021-08-21T11:41:08.775Z","versionId":"6","labels":{"deployment-tool":"cli-firebase"},"sourceUploadUrl":"https://storage.googleapis.com/gcf-upload-us-central1-179de015-6124-413a-ba51-c9ebee5be2f4/e078d35a-ae7c-480e-91cb-b48709b41354.zip?GoogleAccessId=service-456181188536@gcf-admin-robot.iam.gserviceaccount.com&Expires=1629549908&Signature=E%2FqExae9zQYVcQnDlALVKYU0wFZRmJ0%2BFDkRxh1jfBVFYvtFUgpy86TXvmjbAaD%2BFDjiJcCI3fGkoDdV0eqZpcTms8E02t%2BDPWwZzGHVstKX8QxVUdxGRpzRsAPbCLYb8BruCSC1fvDZ2oNRl55QuAC%2BCSsIGzy82TD3fsbTmDmJ0V5oQP7vIdmfL8dl9gXb6bMr%2BiKsaKvP0vgO5BQBCP1cwT9cVQy5QmOPHqziBq73It4%2BsBY%2B%2FKeZi7%2BYWJkqGNhLnWXOgYSfUd3%2BQlE08UnC%2BoTkfvPB2eUtKg00JH68CaKP4mpkwM81RiIKvppdik07hQBSjRMrvQLYLan3gA%3D%3D","environmentVariables":{"FIREBASE_CONFIG":"{\"projectId\":\"eaavents\",\"databaseURL\":\"https://eaavents-default-rtdb.firebaseio.com\",\"storageBucket\":\"eaavents.appspot.com\",\"locationId\":\"us-central\"}","GCLOUD_PROJECT":"eaavents"},"runtime":"nodejs14","ingressSettings":"ALLOW_ALL","buildId":"e6d2ba2f-77bd-4ddc-b4f7-1bb674f7d121","sourceToken":"728ab158-634f-4ed1-9b6c-d893c9966c80","buildName":"projects/456181188536/locations/us-central1/builds/e6d2ba2f-77bd-4ddc-b4f7-1bb674f7d121"},"versionId":"7","updateTime":"2021-08-21T12:16:59Z","buildId":"b543967b-d304-430d-8839-4c8042998e84","sourceToken":"728ab158-634f-4ed1-9b6c-d893c9966c80","buildName":"projects/456181188536/locations/us-central1/builds/b543967b-d304-430d-8839-4c8042998e84"}}
[debug] [2021-08-21T12:17:12.094Z] Got sourceToken 728ab158-634f-4ed1-9b6c-d893c9966c80 for region us-central1
[debug] [2021-08-21T12:17:12.097Z] <<< [apiv2][status] GET https://cloudfunctions.googleapis.com/v1/operations/ZWFhdmVudHMvdXMtY2VudHJhbDEvZXZlbnRVcGRhdGVkL1ZCZi02REhQQWRn 200
[debug] [2021-08-21T12:17:12.097Z] <<< [apiv2][body] GET https://cloudfunctions.googleapis.com/v1/operations/ZWFhdmVudHMvdXMtY2VudHJhbDEvZXZlbnRVcGRhdGVkL1ZCZi02REhQQWRn {"name":"operations/ZWFhdmVudHMvdXMtY2VudHJhbDEvZXZlbnRVcGRhdGVkL1ZCZi02REhQQWRn","metadata":{"@type":"type.googleapis.com/google.cloud.functions.v1.OperationMetadataV1","target":"projects/eaavents/locations/us-central1/functions/eventUpdated","type":"UPDATE_FUNCTION","request":{"@type":"type.googleapis.com/google.cloud.functions.v1.CloudFunction","name":"projects/eaavents/locations/us-central1/functions/eventUpdated","eventTrigger":{"eventType":"providers/cloud.firestore/eventTypes/document.update","resource":"projects/eaavents/databases/(default)/documents/events/{eventId}","service":"firestore.googleapis.com"},"status":"ACTIVE","entryPoint":"eventUpdated","timeout":"60s","availableMemoryMb":256,"serviceAccountEmail":"eaavents@appspot.gserviceaccount.com","updateTime":"2021-08-21T11:41:05.612Z","versionId":"2","labels":{"deployment-tool":"cli-firebase"},"sourceUploadUrl":"https://storage.googleapis.com/gcf-upload-us-central1-179de015-6124-413a-ba51-c9ebee5be2f4/e078d35a-ae7c-480e-91cb-b48709b41354.zip?GoogleAccessId=service-456181188536@gcf-admin-robot.iam.gserviceaccount.com&Expires=1629549908&Signature=E%2FqExae9zQYVcQnDlALVKYU0wFZRmJ0%2BFDkRxh1jfBVFYvtFUgpy86TXvmjbAaD%2BFDjiJcCI3fGkoDdV0eqZpcTms8E02t%2BDPWwZzGHVstKX8QxVUdxGRpzRsAPbCLYb8BruCSC1fvDZ2oNRl55QuAC%2BCSsIGzy82TD3fsbTmDmJ0V5oQP7vIdmfL8dl9gXb6bMr%2BiKsaKvP0vgO5BQBCP1cwT9cVQy5QmOPHqziBq73It4%2BsBY%2B%2FKeZi7%2BYWJkqGNhLnWXOgYSfUd3%2BQlE08UnC%2BoTkfvPB2eUtKg00JH68CaKP4mpkwM81RiIKvppdik07hQBSjRMrvQLYLan3gA%3D%3D","environmentVariables":{"FIREBASE_CONFIG":"{\"projectId\":\"eaavents\",\"databaseURL\":\"https://eaavents-default-rtdb.firebaseio.com\",\"storageBucket\":\"eaavents.appspot.com\",\"locationId\":\"us-central\"}","GCLOUD_PROJECT":"eaavents"},"runtime":"nodejs14","ingressSettings":"ALLOW_ALL","buildId":"e6d2ba2f-77bd-4ddc-b4f7-1bb674f7d121","sourceToken":"728ab158-634f-4ed1-9b6c-d893c9966c80","buildName":"projects/456181188536/locations/us-central1/builds/e6d2ba2f-77bd-4ddc-b4f7-1bb674f7d121"},"versionId":"3","updateTime":"2021-08-21T12:16:59Z","buildId":"b543967b-d304-430d-8839-4c8042998e84","sourceToken":"728ab158-634f-4ed1-9b6c-d893c9966c80","buildName":"projects/456181188536/locations/us-central1/builds/b543967b-d304-430d-8839-4c8042998e84"}}
[debug] [2021-08-21T12:17:12.097Z] Got sourceToken 728ab158-634f-4ed1-9b6c-d893c9966c80 for region us-central1
